<?xml version="1.0" encoding="UTF-8"?>
<testsuite name="jsoup.CrawlingTest" tests="1" skipped="0" failures="0" errors="0" timestamp="2022-09-12T05:21:42" hostname="MacBook-Pro.local" time="62.61">
  <properties/>
  <testcase name="wineSSGCrawlerTest()" classname="jsoup.CrawlingTest" time="62.61"/>
  <system-out><![CDATA[WineInfo{wineTitle='끌로 드 로스 씨에떼', price=30000}
WineInfo{wineTitle='신퀀타 꼴레지오네', price=38700}
WineInfo{wineTitle='코노수르 비씨클레타 피노누아', price=15800}
WineInfo{wineTitle='앙드레 끌루에 상파뉴 브뤼 그랑 리저브', price=49500}
WineInfo{wineTitle='코노수르 비씨클레타 까베르네 소비뇽', price=15800}
WineInfo{wineTitle='얀 뒤리외 러브 앤 피프 750mL', price=84000}
WineInfo{wineTitle='앙드레 끌루에 상파뉴 실버 브뤼', price=50400}
WineInfo{wineTitle='호주 투핸즈 엔젤스쉐어 + 날리듀즈', price=76500}
WineInfo{wineTitle='F 네그로아마로', price=57600}
WineInfo{wineTitle='뵈브 클리코 옐로 레이블', price=83700}
WineInfo{wineTitle='빈도로 프리미티보 디 만두리아', price=25200}
WineInfo{wineTitle='베니에르 피노누아', price=14800}
WineInfo{wineTitle='토마시 아마로네 델라 발폴리첼라 클라시코(레드와인)', price=85500}
WineInfo{wineTitle='간치아 모스카토 로제', price=18000}
WineInfo{wineTitle='칸티 모스카토 IGT', price=9800}
WineInfo{wineTitle='칸티 모스카토 다스티 DOCG', price=17800}
WineInfo{wineTitle='투핸즈 엔젤스 쉐어', price=40000}
WineInfo{wineTitle='35 사우스 리제르바 까르미네르', price=24000}
WineInfo{wineTitle='코노수르 싱글빈야드 피노누아', price=35800}
WineInfo{wineTitle='도스코파스 까베르네 소비뇽', price=4900}
WineInfo{wineTitle='샤를르 드 까자노브 로제', price=40500}
WineInfo{wineTitle='시데랄', price=37800}
WineInfo{wineTitle='이스까이', price=70200}
WineInfo{wineTitle='1865 셀렉티드 빈야드 까베르네 소비뇽', price=32800}
WineInfo{wineTitle='빌라 욜란다, 모스카토 다스티', price=18000}
WineInfo{wineTitle='피터르만 힐 앤 밸리 쉬라즈', price=29880}
WineInfo{wineTitle='로버트 몬다비 프라이빗 셀렉션 까베르네 소비뇽 2019', price=20700}
WineInfo{wineTitle='비에티 모스카토 다스티 750ML (스위트스파클링와인)', price=37800}
WineInfo{wineTitle='지디 바이라 모스카토 다스티', price=25200}
WineInfo{wineTitle='페렐라다 파비올라', price=38700}
WineInfo{wineTitle='코노수르 비씨클레타 까르미네르', price=15800}
WineInfo{wineTitle='모엣 & 샹동 임페리얼', price=74700}
WineInfo{wineTitle='조닌 꼰띠 부네이스 모스카토 다스티', price=11800}
WineInfo{wineTitle='스퍼랜치 까베르네 소비뇽 + 샤르도네 세트', price=79800}
WineInfo{wineTitle='몽제아 뮈네레 부르고뉴 샤르도네 18', price=40500}
WineInfo{wineTitle='브라운 브라더스 모스까또', price=18000}
WineInfo{wineTitle='클라우디 베이 피노누아', price=68040}
WineInfo{wineTitle='모엣 & 샹동 로제 임페리얼', price=92700}
WineInfo{wineTitle='도스 코파스 리제르바', price=8900}
WineInfo{wineTitle='코노수르20배럴 피노누아', price=83000}
WineInfo{wineTitle='브로켈 말벡(레드와인)', price=18900}
WineInfo{wineTitle='KY1865 세트 (1본입)', price=49500}
WineInfo{wineTitle='돈 루치아노 모스카토', price=7000}
WineInfo{wineTitle='브레드 앤 버터 샤도네이', price=31800}
WineInfo{wineTitle='세븐 폴스 카베르네 소비뇽', price=19800}
WineInfo{wineTitle='간치아 모스카토 다스티 DOCG', price=19800}
WineInfo{wineTitle='까스텔포르테 아마로네 델라 발폴리첼라', price=45000}
WineInfo{wineTitle='CH 샹파뉴 샤를르 드 까자노브 브륏', price=34800}
WineInfo{wineTitle='G7 까베르네 소비뇽', price=7900}
WineInfo{wineTitle='보시오 트러플 헌터 모스카토 다스티 DOCG', price=27000}
WineInfo{wineTitle='오이스터베이 소비뇽블랑(화이트와인)', price=58500}
WineInfo{wineTitle='코노수르 레세르바 까베르네소비뇽 (레드와인)', price=18000}
WineInfo{wineTitle='롱 반 캘리포니아 피노누아', price=14800}
WineInfo{wineTitle='프레시넷 프로세코 DOC', price=24300}
WineInfo{wineTitle='코노수르 비씨클레타 샤도네이', price=15800}
WineInfo{wineTitle='코노수르 싱글빈야드 까베르네소비뇽', price=35800}
WineInfo{wineTitle='미켈레 끼아를로 모스카토 다스티 팔라스', price=36000}
WineInfo{wineTitle='도스 코파스 레드', price=4900}
WineInfo{wineTitle='몰리두커 투 레프트 핏', price=53100}
WineInfo{wineTitle='탈로 프리미티보 디 만두리아', price=25200}
WineInfo{wineTitle='코노수르 비씨클레타 소비뇽 블랑', price=15800}
WineInfo{wineTitle='아바지아, 허니문 모스카토 (스파클링와인)', price=19800}
WineInfo{wineTitle='빌라 욜란다, 모스카토 로제', price=19800}
WineInfo{wineTitle='모엣 & 샹동 로제 임페리얼', price=92700}
WineInfo{wineTitle='울프 블라스 이글호크 스파클링 퀴베 브뤼', price=10800}
WineInfo{wineTitle='루이자도 부르고뉴 샤도네이 375ml (화이트와인)', price=19800}
WineInfo{wineTitle='G7 소비뇽 블랑', price=7900}
WineInfo{wineTitle='파이퍼하이직 뀌베브뤼(스파클링와인)', price=101700}
WineInfo{wineTitle='프레스코발디 카스텔지오콘도 로쏘 디 몬탈치노', price=40500}
WineInfo{wineTitle='카멜로드 몬테레이 피노누아', price=39000}
WineInfo{wineTitle='프레시넷 프로세코 DOC', price=29800}
WineInfo{wineTitle='롱 반 캘리포니아 진판델', price=14800}
WineInfo{wineTitle='아이스바인 잔세트(벨탁스 아이스바인 피노누아', price=63000}
WineInfo{wineTitle='신세계 L&B 인기 와인 추천', price=140000}
WineInfo{wineTitle='모엣 & 샹동 아이스 임페리얼', price=117000}
WineInfo{wineTitle='케익브레드 샤도네이', price=67500}
WineInfo{wineTitle='쌩 클레어 파이오니어 블록 소비뇽 블랑', price=24300}
WineInfo{wineTitle='멧츠로드 피노누아', price=45000}
WineInfo{wineTitle='롤라이오 상그리아 화이트', price=7800}
WineInfo{wineTitle='클라우디 베이 샤도네이', price=60480}
WineInfo{wineTitle='셀리에 데 프린스 샤또네프뒤파프(레드와인)', price=99000}
WineInfo{wineTitle='9 라이브즈 리저브 까버네쇼비뇽', price=10900}
WineInfo{wineTitle='롱 반 캘리포니아 샤르도네', price=14800}
WineInfo{wineTitle='칸티 브라케토 핑크 에디션', price=22500}
WineInfo{wineTitle='앙드레 끌루에 드림 빈티지 2016', price=56700}
WineInfo{wineTitle='비냐 파디야', price=5000}
WineInfo{wineTitle='칸티 아스티 세코 DOCG', price=14800}
WineInfo{wineTitle='비알라 람부르스코', price=20000}
WineInfo{wineTitle='코노수르 싱글빈야드 시라 (레드와인)', price=27000}
WineInfo{wineTitle='칸티 아스티 세코 DOCG', price=14400}
WineInfo{wineTitle='G7 샤도네이', price=7900}
WineInfo{wineTitle='페데리코 파테니나 까바 브뤼', price=14800}
WineInfo{wineTitle='뵈브 클리코 옐로우 레이블', price=89100}
WineInfo{wineTitle='스칼리올라 돌체스바고 모스토', price=15800}
WineInfo{wineTitle='쌩 클레어 파이오니어 블록 피노누아', price=32000}
WineInfo{wineTitle='꼬든네그로브뤼', price=16200}
WineInfo{wineTitle='모아나 팍 에스테이트 말보로 소비뇽블랑', price=14800}
WineInfo{wineTitle='앙드레 끌루에 샹파뉴 초키', price=85500}
WineInfo{wineTitle='스택스 립 와인 셀라 아르테미스 까베르네 소비뇽', price=140000}
WineInfo{wineTitle='앙드레 끌루에 상파뉴 브뤼 그랑 리저브 375ml', price=31500}
WineInfo{wineTitle='도스코파스 까베르네 소비뇽', price=4900}
WineInfo{wineTitle='몰리두커 더 복서', price=88000}
WineInfo{wineTitle='35 사우스 리제르바 까르미네르', price=24000}
WineInfo{wineTitle='루이라뚜르 피노누아(레드와인)', price=72000}
WineInfo{wineTitle='콜롬비아 크레스트 그랑 에스테이트 쉬라', price=35800}
WineInfo{wineTitle='텍스트북 배럴티프 까베르네소비뇽', price=170000}
WineInfo{wineTitle='도스 코파스 레드', price=4900}
WineInfo{wineTitle='텍스트북, 나파 메를로', price=112000}
WineInfo{wineTitle='G7 샤도네이', price=7900}
WineInfo{wineTitle='칸티 모스카토 다스티 DOCG', price=17800}
WineInfo{wineTitle='몬테칠로 크리안자', price=29600}
WineInfo{wineTitle='G7 메를로', price=7900}
WineInfo{wineTitle='앙드레 끌루에 상파뉴 브뤼 그랑 리저브', price=49500}
WineInfo{wineTitle='앙시앙 땅 소비뇽 샤도네이', price=12800}
WineInfo{wineTitle='생 클레어 비카스 초이스 소비뇽블랑 버블스', price=20000}
WineInfo{wineTitle='브라운 브라더스 시에나 프루티 리미티드 에디션', price=18000}
WineInfo{wineTitle='빌라엠 로소', price=36000}
WineInfo{wineTitle='베어풋 피노누아 750ml', price=12800}
WineInfo{wineTitle='뛰느방 배드 걸', price=35100}
WineInfo{wineTitle='펜폴즈 쿠능가 힐 쉬라즈 까베르네', price=26100}
WineInfo{wineTitle='벨레 그로스 클락 앤 텔레폰 피노누아(레드와인)', price=99000}
WineInfo{wineTitle='플라네타 샤도네이', price=49500}
WineInfo{wineTitle='미켈레 끼아를로 바롤로 체레퀴오', price=144000}
WineInfo{wineTitle='펜폴즈 로손 리트리트 쉬라즈', price=25000}
WineInfo{wineTitle='피치니 부르넬로 디 몬탈치노', price=49800}
WineInfo{wineTitle='모엣 샹동 임페리얼', price=79200}
WineInfo{wineTitle='에고메이 알마', price=63000}
WineInfo{wineTitle='피치니 메모로 로쏘', price=17800}
WineInfo{wineTitle='코노수르 싱글빈야드 까베르네소비뇽 (레드와인)', price=27000}
WineInfo{wineTitle='샤토 생 미셸 컬럼비아 밸리 까.쇼 50주년', price=36000}
WineInfo{wineTitle='모엣 & 샹동 임페리얼 375ml', price=44820}
WineInfo{wineTitle='푸두 스파클링', price=13900}
WineInfo{wineTitle='파스쿠아, 프리잔떼 돌체 스윗 로제 (스파클링와인)', price=45900}
WineInfo{wineTitle='산테로 피노 샤도네이 스푸만테', price=19900}
WineInfo{wineTitle='칸티 세트 (메를로 미디엄 스위트 + 네그로마로 프리미티보)', price=22500}
WineInfo{wineTitle='코노수르 20배럴 피노누아', price=55000}
WineInfo{wineTitle='모엣 & 샹동 임페리얼 스페셜리 유얼즈 2022', price=79200}
WineInfo{wineTitle='피치니 메모로 루즈 (레드와인)', price=13000}
WineInfo{wineTitle='톨라이니 세트 (발티산티+레짓)', price=85500}
WineInfo{wineTitle='샴페인 드라피에, 까르뜨 도르 브륏 NV', price=79000}
WineInfo{wineTitle='레큐아 화이트 포트', price=18000}
WineInfo{wineTitle='이기갈 지공다스 (레드와인)', price=49500}
WineInfo{wineTitle='르프롱드 브라케토', price=31800}
WineInfo{wineTitle='투핸즈 엔젤스쉐어 (레드와인)', price=43000}
WineInfo{wineTitle='피치니 피노키오', price=15800}
WineInfo{wineTitle='N-23 파 니엔테 나파 세트', price=531000}
WineInfo{wineTitle='G7 리저브 까베르네 소비뇽', price=14000}
WineInfo{wineTitle='샤또 무똥 로칠드 2006', price=1620000}
WineInfo{wineTitle='샹파뉴 샤를르 드 까자노브 로제', price=39800}
WineInfo{wineTitle='코노 쇼비뇽블랑', price=24800}
WineInfo{wineTitle='폰타나프레다 아스티 빈티지(밀레시마토)', price=29800}
WineInfo{wineTitle='모엣 & 샹동 그랑 빈티지', price=108000}
WineInfo{wineTitle='베린저 나파밸리 샤르도네', price=49500}
WineInfo{wineTitle='세르 라포 끼안띠 클라시코 리제르바 (레드와인)', price=45000}
WineInfo{wineTitle='뿌삐유 (레드와인)', price=49500}
WineInfo{wineTitle='찰스 하이직 브륏 밀레짐 2012', price=396000}
WineInfo{wineTitle='트라피체 오크캐스크 말벡', price=14800}
WineInfo{wineTitle='엠 샤푸티에 라 시부아즈 뤼브롱(트래디션)', price=16800}
WineInfo{wineTitle='또스띠 모스카토 다스티', price=33000}
WineInfo{wineTitle='샤또 그랑 뿌이 뒤까쓰 13', price=73800}
WineInfo{wineTitle='산테로 피노 샤르도네 스푸만테375', price=9800}
WineInfo{wineTitle='옐로우테일쉬라즈187', price=7800}
WineInfo{wineTitle='떼땅져 리저브 브뤼', price=90000}
WineInfo{wineTitle='돈 루치아노 브뤼', price=7000}
WineInfo{wineTitle='덕혼 디코이 카버네 소비뇽 19', price=42800}
WineInfo{wineTitle='리유니트 람브르스코(레드와인)', price=14400}
WineInfo{wineTitle='까스텔로 로미또리오 브루넬로 디 몬탈치노', price=90000}
WineInfo{wineTitle='브레드 앤 버터 피노누아', price=31800}
WineInfo{wineTitle='몰리두커 블루아이드 보이', price=81000}
WineInfo{wineTitle='몽제아 뮈네레 르 리베르탱 부르고뉴 빠쓰뚜그랭 18', price=31500}
WineInfo{wineTitle='루이자도 샤블리', price=45000}
WineInfo{wineTitle='카스텔블랑 엑스트라 브륏 750ML (드라이스파클링와인)', price=28800}
WineInfo{wineTitle='트라피체 말벡', price=9800}
WineInfo{wineTitle='말보로 릿지 쇼비뇽 블랑', price=17800}
WineInfo{wineTitle='N-20 케이머스 세트', price=288000}
WineInfo{wineTitle='피치니 메모로 화이트 375ml', price=7900}
WineInfo{wineTitle='샤또 페리에르 2017', price=76000}
WineInfo{wineTitle='뵈브 클리코 아이스버켓 에디션 750mL', price=89900}
WineInfo{wineTitle='루이 로드레 컬렉션 242', price=126000}
WineInfo{wineTitle='찰스 하이직, 브륏 리저브 (샴페인)', price=220000}
WineInfo{wineTitle='미켈레 끼아를로 바르바레스코 아실리', price=103500}
WineInfo{wineTitle='샤또 몽페라 화이트 (화이트와인)', price=27000}
WineInfo{wineTitle='울프 블라스 레드라벨 타우니 포트', price=15800}
WineInfo{wineTitle='앙드레 끌루에 상파뉴 밀레짐', price=90000}
WineInfo{wineTitle='옐로우테일 메를로', price=15800}
WineInfo{wineTitle='다이아몬드 레이크뷰 비달 아이스바인', price=40000}
WineInfo{wineTitle='페냐솔 템프라니오', price=5990}
WineInfo{wineTitle='에라스 피노 누아', price=44100}
WineInfo{wineTitle='루이 로드레 크리스탈 브륏', price=585000}
WineInfo{wineTitle='옐로우테일 쉬라즈', price=15800}
WineInfo{wineTitle='운두라가 세트 (th 까쇼 + 싱글빈야드 까쇼)', price=45000}
WineInfo{wineTitle='덕혼 디코이 멜롯', price=42800}
WineInfo{wineTitle='1865 셀렉티드 빈야드 까르미네르', price=32800}
WineInfo{wineTitle='디아블로 까버네375', price=7900}
WineInfo{wineTitle='가또 네그로 까베르네 소비뇽', price=7800}
WineInfo{wineTitle='트라피체 오크캐스트 까버네쇼비뇽', price=14800}
WineInfo{wineTitle='뻬스께라 레세르바 (레드와인)', price=54000}
WineInfo{wineTitle='콜럼비아 크레스트 H3 레 슈보 레드 (레드와인)', price=31500}
WineInfo{wineTitle='덕혼 디코이 샤도네이 750ML (화이트와인)', price=67500}
WineInfo{wineTitle='벨레 그로스 라스 알투라스 피노 누아', price=99000}
WineInfo{wineTitle='지디 바이라 알베 바롤로 (레드와인)', price=63000}
WineInfo{wineTitle='베어풋 쉬라즈', price=12800}
WineInfo{wineTitle='마스카 델 타코 수수마니엘로', price=36000}
WineInfo{wineTitle='샹파뉴 그롱네 (스페셜 클럽) 2014', price=72000}
WineInfo{wineTitle='스택스 립 와인 셀라 핸즈 오브 타임 샤도네이', price=58500}
WineInfo{wineTitle='운두라가 파운더스 컬렉션 까베르네 소비뇽 (레드와인)', price=34200}
WineInfo{wineTitle='블루넌 까베르네 소비뇽', price=14900}
WineInfo{wineTitle='샤토 생 미셸 컬럼비아 밸리 리슬링', price=24300}
WineInfo{wineTitle='브레드 앤 버터 카버네 소비뇽', price=31800}
WineInfo{wineTitle='엠 샤푸티에 빌라 오 블랑', price=19200}
WineInfo{wineTitle='샤또 꼬 데스뚜르넬 2013', price=333000}
WineInfo{wineTitle='689 레드 나파 밸리', price=32400}
WineInfo{wineTitle='해피데이 프리미엄', price=8580}
WineInfo{wineTitle='도스코파스 까베르네 소비뇽', price=4900}
WineInfo{wineTitle='몰리두커 더 복서', price=88000}
WineInfo{wineTitle='35 사우스 리제르바 까르미네르', price=24000}
WineInfo{wineTitle='루이라뚜르 피노누아(레드와인)', price=72000}
WineInfo{wineTitle='콜롬비아 크레스트 그랑 에스테이트 쉬라', price=35800}
WineInfo{wineTitle='텍스트북 배럴티프 까베르네소비뇽', price=170000}
WineInfo{wineTitle='도스 코파스 레드', price=4900}
WineInfo{wineTitle='텍스트북, 나파 메를로', price=112000}
WineInfo{wineTitle='G7 샤도네이', price=7900}
WineInfo{wineTitle='칸티 모스카토 다스티 DOCG', price=17800}
WineInfo{wineTitle='몬테칠로 크리안자', price=29600}
WineInfo{wineTitle='G7 메를로', price=7900}
WineInfo{wineTitle='앙드레 끌루에 상파뉴 브뤼 그랑 리저브', price=49500}
WineInfo{wineTitle='N-3 롱반 세트', price=54000}
WineInfo{wineTitle='트리벤토 리저브 말벡', price=17800}
WineInfo{wineTitle='에밀리아나, 코얌 (레드와인)', price=94000}
WineInfo{wineTitle='울프 블라스 레드라벨 샤도네이', price=15800}
WineInfo{wineTitle='킬리카눈 더래키 쉬라즈', price=22000}
WineInfo{wineTitle='이기갈 꼬뜨 뒤 론 루즈 375ml (레드와인)', price=12600}
WineInfo{wineTitle='군트럼 리슬링 루이스 콘스탄틴', price=14800}
WineInfo{wineTitle='옐로우테일 퓨어브라이트 소비뇽블랑', price=15800}
WineInfo{wineTitle='베어풋 카버네 소비뇽', price=12800}
WineInfo{wineTitle='케익브레드 까베르네 소비뇽 2018', price=130500}
WineInfo{wineTitle='쁘띠장 부르고뉴 피노누아', price=29800}
WineInfo{wineTitle='피터르만 바로산 쉬라즈', price=19800}
WineInfo{wineTitle='샹동 브룻', price=45000}
WineInfo{wineTitle='피터르만 힐 앤 밸리 카버네소비뇽', price=29880}
WineInfo{wineTitle='디아블로 리제르바 프리바다 까버네쇼비뇽', price=24800}
WineInfo{wineTitle='머드하우스 소비뇽 블랑 (화이트와인)', price=24300}
WineInfo{wineTitle='운두라가 테루아 헌터 까베르네소비뇽 (레드와인)', price=27000}
WineInfo{wineTitle='몰리두커 더 복서', price=88000}
WineInfo{wineTitle='LV.프랑스 1위 세트', price=54000}
WineInfo{wineTitle='루체 2018', price=171000}
WineInfo{wineTitle='칸티 프로세코 DOC 1500ml', price=26100}
WineInfo{wineTitle='1865 셀렉티드 빈야드 쇼비뇽블랑', price=32800}
WineInfo{wineTitle='1865 설렉티드 빈야드 멜롯', price=32800}
WineInfo{wineTitle='이기갈 꽁드리유 라 도리안 (화이트와인)', price=162000}
WineInfo{wineTitle='그라함, 10년 토니 포트 (포트와인)', price=128000}
WineInfo{wineTitle='발레벨보 모스까또 스푸만떼', price=14800}
WineInfo{wineTitle='메달라 카베르네 소비뇽', price=63000}
WineInfo{wineTitle='미안더 모스카토 275ml', price=3000}
WineInfo{wineTitle='엠 샤푸티에 데샹트 아티스트 레이블', price=53100}
WineInfo{wineTitle='베린저 나파밸리 카베르네 소비뇽', price=90000}
WineInfo{wineTitle='모엣 & 샹동 임페리얼 브뤼 1500ml', price=163800}
WineInfo{wineTitle='이태리 프레스코발디 세트 (니포짜노+베키에비티)', price=67500}
WineInfo{wineTitle='텍스트북, 나파 카베르네 소비뇽', price=112000}
WineInfo{wineTitle='당장페이 브뤼', price=52200}
WineInfo{wineTitle='피치니 메모로 화이트 (화이트와인)', price=19000}
WineInfo{wineTitle='텍스트북, 나파 메를로', price=112000}
WineInfo{wineTitle='산타캐롤리나 메를로 375', price=6900}
WineInfo{wineTitle='페냐솔 템프라니요 3L', price=15800}
WineInfo{wineTitle='자불레 크로제 에르미타쥬 레 잘레 750ML (레드와인)', price=34200}
WineInfo{wineTitle='펜폴즈 쿠능가 힐 카베르네 소비뇽', price=26100}
WineInfo{wineTitle='브리갈다라 발폴리첼라 수페리오레 까세 베체', price=28800}
WineInfo{wineTitle='배비치 포비든 바인 말보로 소비뇽 블랑', price=16800}
WineInfo{wineTitle='미켈레 끼아를로 바롤로 DOCG', price=71100}
WineInfo{wineTitle='CSR 몰리두커 세트', price=158400}
WineInfo{wineTitle='라벨5 하이볼 패키지', price=17910}
WineInfo{wineTitle='샤토 생 미셸 컬럼비아 밸리 샤르도네', price=30600}
WineInfo{wineTitle='모엣 & 샹동 로제 임페리얼 375ml', price=62820}
WineInfo{wineTitle='깔멜 앤 조셉 레 크뤼 테라스 뒤 라르작 (레드와인)', price=25200}
WineInfo{wineTitle='에스메랄다 샤도네이', price=17800}
WineInfo{wineTitle='베린저 브로스 카베르네 소비뇽', price=40500}
WineInfo{wineTitle='간치아 아스티 스푸만떼 DOCG', price=19800}
WineInfo{wineTitle='몬테스 알파 카버네 소비뇽 750ML (레드 와인)', price=49000}
WineInfo{wineTitle='까시제로 디아블로 까르미네르', price=12800}
WineInfo{wineTitle='조닌 프로세코', price=25000}
WineInfo{wineTitle='라 까우드리나, 라 셀바티카 소녀 아스티 375ml', price=27000}
WineInfo{wineTitle='35 사우스 리제르바 까버네쇼비뇽', price=24000}
WineInfo{wineTitle='N-8 프랑스 보르도 메독 A세트', price=144000}
WineInfo{wineTitle='N-18 덕혼 디코이 리미티드 세트', price=243000}
WineInfo{wineTitle='카바이 암포라 (화이트와인)', price=216000}
WineInfo{wineTitle='G7 리저브 샤도네이', price=14000}
WineInfo{wineTitle='미아 상그리아 클래식 로얄', price=11800}
WineInfo{wineTitle='루이라뚜르 샤도네이', price=35000}
WineInfo{wineTitle='펜폴즈 빈 2 쉬라즈 마타로', price=57600}
WineInfo{wineTitle='가또 네그로 샤르도네', price=7800}
WineInfo{wineTitle='아포틱 다크', price=25000}
WineInfo{wineTitle='베어풋 버블리 피노 그리지오', price=14800}
WineInfo{wineTitle='톨라이니 끼안티 클라시코 그란 셀레지오네 DOCG', price=43200}
WineInfo{wineTitle='샤토 생 미셸 컬럼비아 밸리 카베르네 소비뇽', price=33300}
WineInfo{wineTitle='N-11 몬테스 알파 세트', price=99000}
WineInfo{wineTitle='샤또 라퐁 로쉐 2017', price=88000}
WineInfo{wineTitle='펜폴즈 빈 28 칼림나 쉬라즈(레드와인)', price=77400}
WineInfo{wineTitle='G7 샤도네이 (375ml)', price=4280}
WineInfo{wineTitle='조닌 카스텔로 델포지오 모스카토', price=25000}
WineInfo{wineTitle='그랑크뤼 세컨와인 세트', price=207000}
WineInfo{wineTitle='프론테라 까베르네 소비뇽', price=8800}
WineInfo{wineTitle='미켈레 끼아를로 모스카토 다스티 니볼레 DOCG', price=38700}
WineInfo{wineTitle='폰토디 끼안티 클라시코 DOCG', price=49500}
WineInfo{wineTitle='투핸즈 날리 듀즈', price=43000}
WineInfo{wineTitle='G7 메를로', price=7900}
WineInfo{wineTitle='KY칠레프리미엄1호', price=108000}
WineInfo{wineTitle='스트라디바리우스 골드', price=108000}
WineInfo{wineTitle='크레스만 샤또 라피에리에', price=19800}
WineInfo{wineTitle='파스쿠아, 프로세코 DOC 오드리 햅번 (스파클링와인)', price=55800}
WineInfo{wineTitle='가또 네그로 까르미네르', price=7800}
WineInfo{wineTitle='레큐아 루비 포트', price=18000}
WineInfo{wineTitle='니에푸르트 포타 루비', price=17900}
WineInfo{wineTitle='AB 샤블리', price=51300}
WineInfo{wineTitle='까사 로호 마리모레나', price=36000}
WineInfo{wineTitle='브라운 브라더스 모스카토', price=36000}
WineInfo{wineTitle='산타캐롤리나 소비뇽블랑 375', price=6900}
WineInfo{wineTitle='루이라뚜르 피노누아(레드와인)', price=72000}
WineInfo{wineTitle='뻬스께라 세트 (아싸 크리안자+엘빈꿀로 크리안자)', price=49500}
WineInfo{wineTitle='페냐솔 블랑코 3L', price=15800}
WineInfo{wineTitle='투핸즈 테너시티', price=22500}
WineInfo{wineTitle='덕혼 패러덕스 750ML (레드와인)', price=121500}
WineInfo{wineTitle='샤또 그뤼오 라로즈 2017', price=180000}
WineInfo{wineTitle='라포스톨 달라멜 레세르바 까베르네소비뇽', price=19800}
WineInfo{wineTitle='운두라가 브뤼 375ml', price=5400}
WineInfo{wineTitle='미아 상그리아 화이트 프리잔테', price=11800}
WineInfo{wineTitle='카바이 샤르도네 (화이트와인)', price=135000}
WineInfo{wineTitle='도스코파스 까베르네 소비뇽', price=4900}
WineInfo{wineTitle='몰리두커 더 복서', price=88000}
WineInfo{wineTitle='35 사우스 리제르바 까르미네르', price=24000}
WineInfo{wineTitle='루이라뚜르 피노누아(레드와인)', price=72000}
WineInfo{wineTitle='콜롬비아 크레스트 그랑 에스테이트 쉬라', price=35800}
WineInfo{wineTitle='텍스트북 배럴티프 까베르네소비뇽', price=170000}
WineInfo{wineTitle='도스 코파스 레드', price=4900}
WineInfo{wineTitle='텍스트북, 나파 메를로', price=112000}
WineInfo{wineTitle='G7 샤도네이', price=7900}
WineInfo{wineTitle='칸티 모스카토 다스티 DOCG', price=17800}
WineInfo{wineTitle='몬테칠로 크리안자', price=29600}
WineInfo{wineTitle='G7 메를로', price=7900}
WineInfo{wineTitle='앙드레 끌루에 상파뉴 브뤼 그랑 리저브', price=49500}
WineInfo{wineTitle='베르테네 에 피스 브륏 블랑 드 블랑', price=26100}
WineInfo{wineTitle='루이 미쉘, 샤블리 1er Cru 몬테 드 토네르 375ml (화이트와인)', price=84000}
WineInfo{wineTitle='베린저 메인앤바인 까베르네 소비뇽', price=17000}
WineInfo{wineTitle='콜럼비아 크레스트 H3 까베르네 소비뇽', price=45800}
WineInfo{wineTitle='엠 샤푸티에 라 시부아즈 꼬스띠에 드 님', price=16800}
WineInfo{wineTitle='브라운 브라더스 모스까또 로사(스파클링,로제와인)', price=36000}
WineInfo{wineTitle='샤또 테이시에 쌩떼밀리옹 그랑크뤼', price=45000}
WineInfo{wineTitle='찰스 하이직, 브륏 리저브 375ml (샴페인)', price=132000}
WineInfo{wineTitle='35 사우스 리제르바 샤도네이', price=24000}
WineInfo{wineTitle='샤또 벨뷰 피작(레드와인)', price=144000}
WineInfo{wineTitle='샤또 끼르완 17', price=112500}
WineInfo{wineTitle='AY 프랑스오메독 세트', price=360000}
WineInfo{wineTitle='루이자도 부르고뉴 피노누아', price=45000}
WineInfo{wineTitle='플라네타 쉬라', price=49500}
WineInfo{wineTitle='이기갈 꼬뜨 로띠 1500ml (레드와인)', price=207000}
WineInfo{wineTitle='N-5 리베라 세트', price=81000}
WineInfo{wineTitle='파이퍼 하이직 레어', price=495000}
WineInfo{wineTitle='레큐아 타우니 포트', price=18000}
WineInfo{wineTitle='트라피체 까베르네 소비뇽', price=9800}
WineInfo{wineTitle='톨라이니 끼안티 클라시코 DOCG', price=35000}
WineInfo{wineTitle='비온디 산티, BdM DOCG 리제르바 2006 (레드와인)', price=3520000}
WineInfo{wineTitle='샤또 보네 블랑750', price=30000}
WineInfo{wineTitle='프리시전 네비게이터 진판델', price=31500}
WineInfo{wineTitle='N-24 덕혼 프리미엄 세트', price=675000}
WineInfo{wineTitle='1865 셀렉티드 콜렉션 피스코 배럴 에이지드', price=85500}
WineInfo{wineTitle='토마시 아마로네 이 피아네티 델라 발폴리첼라 클라시코', price=59900}
WineInfo{wineTitle='카멜로드 몬테레이 피노누아(레드와인)', price=90000}
WineInfo{wineTitle='슐름베르거 게부르츠트라미너', price=32800}
WineInfo{wineTitle='비비르 신 도르미르', price=22500}
WineInfo{wineTitle='그래블리 포드 피노누아', price=15600}
WineInfo{wineTitle='투핸즈 아레스', price=240000}
WineInfo{wineTitle='9 라이브스 리저브 소비뇽 블랑', price=10900}
WineInfo{wineTitle='킴 크로포드 라이즈 앤 샤인 피노 누아 750ML (레드와인)', price=89100}
WineInfo{wineTitle='코노 수르 토코르날 샤도네이 (화이트와인)', price=10800}
WineInfo{wineTitle='앙드레 끌루에 상파뉴 브뤼 로제', price=73800}
WineInfo{wineTitle='샤를 조게 끌로 드 라 디오트리 (레드와인)', price=135000}
WineInfo{wineTitle='케익브레드 댄싱 베어 랜치 (레드와인)', price=288000}
WineInfo{wineTitle='투핸즈 릴리스 가든 (레드와인)', price=99000}
WineInfo{wineTitle='톨라이니 끼안티 클라시코 DOCG', price=25200}
WineInfo{wineTitle='텍스트북 배럴티프 까베르네소비뇽', price=170000}
WineInfo{wineTitle='드라피에 까르뜨 도르 브륏', price=71100}
WineInfo{wineTitle='1865 셀렉티드 빈야드 카베르네 소비뇽', price=49500}
WineInfo{wineTitle='인디고 아이즈 피노누아', price=25800}
WineInfo{wineTitle='케이머스 카버네 소비뇽 750ML (레드와인)', price=198000}
WineInfo{wineTitle='다우 30년 토니 포트 750ML (레드와인,포트와인)', price=270000}
WineInfo{wineTitle='리카솔리 로카 기치아르다 키안티 클라시코 리제르바 DOCG', price=49500}
WineInfo{wineTitle='샤또 뻬데스끌로 13 (레드와인)', price=81000}
WineInfo{wineTitle='N-19 몬텔레나 세트', price=252000}
WineInfo{wineTitle='이기갈 꼬뜨 뒤 론 루즈 (레드와인)', price=25000}
WineInfo{wineTitle='산타리타120 카버네소비뇽', price=14800}
WineInfo{wineTitle='AY 보르도 인기와인세트', price=135000}
WineInfo{wineTitle='CYT 그란 레세르바 카르미네르', price=21600}
WineInfo{wineTitle='파스쿠아, 일레븐 미닛 로제 (로제와인)', price=72000}
WineInfo{wineTitle='브이 드라가르드(스파클링,화이트와인)', price=66600}
WineInfo{wineTitle='쌩 클레어 오마카 리저브 샤도네이', price=27000}
WineInfo{wineTitle='N-2 퀘르체토 세트', price=58500}
WineInfo{wineTitle='투핸즈 야카 블록 2019', price=160000}
WineInfo{wineTitle='엠 샤푸티에 라 시부아즈 꼬스띠에 님(레드와인)', price=36000}
WineInfo{wineTitle='N-15 몬테스 알파 블랙 세트', price=144000}
WineInfo{wineTitle='서브미션 까베르네소비뇽', price=26100}
WineInfo{wineTitle='부켈라 뀌베 카트리나 아이린', price=648000}
WineInfo{wineTitle='울프 블라스 옐로라벨 까베르네 소비뇽', price=18000}
WineInfo{wineTitle='KY-S 이태리 럭셔리 1호', price=261000}
WineInfo{wineTitle='샤또 말레스꼬 생텍쥐페리 2013', price=90000}
WineInfo{wineTitle='이기갈 따벨 로제', price=26100}
WineInfo{wineTitle='아스코니 무스캇 아이스와인 레드라벨', price=63000}
WineInfo{wineTitle='코노수르 20배럴 샤도네이', price=55000}
WineInfo{wineTitle='도미누스 에스테이트 2016', price=950000}
WineInfo{wineTitle='산테로 피노 샤르도네 스푸만테(스파클링와인)', price=27000}
WineInfo{wineTitle='캘리포니아 세트', price=126000}
WineInfo{wineTitle='미켈레 끼아를로 바롤로 팔라스', price=108000}
WineInfo{wineTitle='보히가스 까마 세미섹', price=18800}
WineInfo{wineTitle='도멘 생 미셸 엑스트라 드라이', price=27000}
WineInfo{wineTitle='코노수르 싱글빈야드 까르미네르', price=39800}
WineInfo{wineTitle='에스쿠도로호 카르메네르(레드와인)', price=24300}
WineInfo{wineTitle='몬텔레나 나파 밸리 샤도네이 750ML (화이트 와인)', price=210000}
WineInfo{wineTitle='에고메이', price=26100}
WineInfo{wineTitle='이기갈 세트 (지공다스 + CDP)', price=130500}
WineInfo{wineTitle='샤토 라 프랑스, 블랑', price=20000}
WineInfo{wineTitle='에밀리아나, 노바스 카베르네 소비뇽 (레드와인)', price=38000}
WineInfo{wineTitle='N-6 로마냐 세트', price=117000}
WineInfo{wineTitle='베라짜노 키안티 클라시코', price=45000}
WineInfo{wineTitle='코노수르 스파클링 브뤼', price=21600}
WineInfo{wineTitle='까스텔포르테 발폴리첼라 리빠소', price=90000}
WineInfo{wineTitle='파스쿠아, 프리잔떼 뀌베 넘버 5 (스파클링와인)', price=45900}
WineInfo{wineTitle='프리시전 네비게이터 까베르네 소비뇽', price=28800}
WineInfo{wineTitle='그라함, 20년 토니 포트 (포트와인)', price=250000}
WineInfo{wineTitle='루이자도 부르고뉴 샤도네이', price=45000}
WineInfo{wineTitle='프레스코발디 페라노 끼안티 클라시코', price=36000}
WineInfo{wineTitle='N-1 마르케스 세트', price=63000}
WineInfo{wineTitle='세라벨 샤또네프뒤빠프', price=39800}
WineInfo{wineTitle='레알 꼼빠니아 가르나차(레드와인)', price=25000}
WineInfo{wineTitle='시에라 칸따브리아 그란 리제르바', price=59000}
WineInfo{wineTitle='빌라 엠(화이트와인)', price=32400}
WineInfo{wineTitle='마르께스 데 까사 콘차 샤르도네', price=28000}
WineInfo{wineTitle='덕혼 카버네 소비뇽 750ML (레드와인)', price=166500}
WineInfo{wineTitle='비온디 산티, BdM DOCG 리제르바 1997 (레드와인)', price=2460000}
WineInfo{wineTitle='그랜드 나파 까베르네 쇼비뇽', price=125000}
WineInfo{wineTitle='쓰리 스틱스, `프라이스 패밀리 에스테이트` 피노 누아', price=124000}
WineInfo{wineTitle='샤또 리외섹 2015', price=132800}
WineInfo{wineTitle='도스코파스 까베르네 소비뇽', price=4900}
WineInfo{wineTitle='몰리두커 더 복서', price=88000}
WineInfo{wineTitle='35 사우스 리제르바 까르미네르', price=24000}
WineInfo{wineTitle='루이라뚜르 피노누아(레드와인)', price=72000}
WineInfo{wineTitle='콜롬비아 크레스트 그랑 에스테이트 쉬라', price=35800}
WineInfo{wineTitle='텍스트북 배럴티프 까베르네소비뇽', price=170000}
WineInfo{wineTitle='도스 코파스 레드', price=4900}
WineInfo{wineTitle='텍스트북, 나파 메를로', price=112000}
WineInfo{wineTitle='G7 샤도네이', price=7900}
WineInfo{wineTitle='칸티 모스카토 다스티 DOCG', price=17800}
WineInfo{wineTitle='몬테칠로 크리안자', price=29600}
WineInfo{wineTitle='G7 메를로', price=7900}
WineInfo{wineTitle='앙드레 끌루에 상파뉴 브뤼 그랑 리저브', price=49500}
WineInfo{wineTitle='프루노토 모스카토 다스티', price=36000}
WineInfo{wineTitle='디아블로 쉬라', price=12800}
WineInfo{wineTitle='프레스코발디 카스틸리오니 끼안티', price=28000}
WineInfo{wineTitle='샤또드샤미레 메르퀴레 레드(레드와인)', price=71100}
WineInfo{wineTitle='피오 체사레, 바롤로', price=240000}
WineInfo{wineTitle='킴 크로포드 피노누아 750ML (레드와인)', price=46800}
WineInfo{wineTitle='베린저 브로스 샤르도네', price=40500}
WineInfo{wineTitle='비에티 바르베라 다스티 750ML (레드와인)', price=45000}
WineInfo{wineTitle='N-22 덕혼 나파 세트', price=297000}
WineInfo{wineTitle='미국 세트 (화이트 오크 소노마 + CC 리저브 까베르네소비뇽)', price=108000}
WineInfo{wineTitle='아스띠까 까베르네 소비뇽', price=9900}
WineInfo{wineTitle='KY프리미엄 아이스와인 2호', price=63000}
WineInfo{wineTitle='파이퍼하이직 빈티지(스파클링와인)', price=162000}
WineInfo{wineTitle='찰스 하이직 브륏 리저브 NV', price=220000}
WineInfo{wineTitle='쉬르 엉 뉘아쥬 까베르네 메를로', price=14800}
WineInfo{wineTitle='알리 플러스', price=90000}
WineInfo{wineTitle='임페리얼 리오하 리제르바', price=99000}
WineInfo{wineTitle='샤또 생 미셸 콜드 크릭 까베르네 소비뇽(레드와인)', price=108000}
WineInfo{wineTitle='가야 프로미스', price=76500}
WineInfo{wineTitle='베라짜노 키안티 클라시코(레드와인)', price=54000}
WineInfo{wineTitle='샤또 랭쉬 바쥬 17', price=279000}
WineInfo{wineTitle='엘에네미고 , 에네미고 까베르네프랑', price=90000}
WineInfo{wineTitle='N-10 카모미 세트', price=117000}
WineInfo{wineTitle='알타비스타 비베 클래식 말벡', price=15800}
WineInfo{wineTitle='샤또 라퐁 로쉐 2017', price=108000}
WineInfo{wineTitle='이스까이 시라 비오니에', price=72000}
WineInfo{wineTitle='샴페인 코피네 EA 라 꼬까르드', price=89100}
WineInfo{wineTitle='옐로우테일쇼비뇽블랑187', price=7800}
WineInfo{wineTitle='마이클 몬다비 패밀리, 스펠바운드 피노누아', price=58000}
WineInfo{wineTitle='샤또 페리에르 17', price=99000}
WineInfo{wineTitle='샤또 디쌍 2013', price=121500}
WineInfo{wineTitle='칼리테라 에디씨온 리미타다 엠', price=40000}
WineInfo{wineTitle='멧츠로드 샤도네이', price=45000}
WineInfo{wineTitle='마르께스 데 까사 콘차 쉬라', price=38000}
WineInfo{wineTitle='와비 사비 겔버 뮈스카텔러', price=32400}
WineInfo{wineTitle='로버트몬다비 우드브릿지 버본배럴 에이지드 까베네소비뇽', price=36000}
WineInfo{wineTitle='피치니 끼안띠 375ml (레드와인)', price=6210}
WineInfo{wineTitle='까사 로호, 마초맨', price=52200}
WineInfo{wineTitle='짐 배리 랏지힐 쉬라즈 750ML (레드와인)', price=49500}
WineInfo{wineTitle='펜폴즈 야타나 샤르도네', price=495000}
WineInfo{wineTitle='피오 체사레, 랑게 네비올로', price=68000}
WineInfo{wineTitle='올리바레스 로제', price=16500}
WineInfo{wineTitle='발데리즈, 로블', price=50000}
WineInfo{wineTitle='트리벤토 골든리저브 말벡 750ml', price=33800}
WineInfo{wineTitle='스택스 립 와인 셀라 핸즈 오브 타임', price=58500}
WineInfo{wineTitle='G7 샤도네이 (187ml)', price=2780}
WineInfo{wineTitle='산타리타120 샤도네 스크류캡', price=14800}
WineInfo{wineTitle='더 힐트 피노 누아 750ML (레드와인)', price=116100}
WineInfo{wineTitle='브라운 브라더스 모스카토 프루티 리미티드 에디션', price=36000}
WineInfo{wineTitle='마르께스 데 까사 콘차 까베르네 소비뇽', price=38000}
WineInfo{wineTitle='도멘 생 제르망 알떼스 2019', price=49500}
WineInfo{wineTitle='몬테칠로 리제르바(레드와인)', price=108000}
WineInfo{wineTitle='투핸즈 더 보이 리슬링', price=38700}
WineInfo{wineTitle='마르셀 다이스 리보빌레', price=40500}
WineInfo{wineTitle='라마리나', price=11800}
WineInfo{wineTitle='토레스 비냐에스메랄다 선셋 에디션', price=14550}
WineInfo{wineTitle='라포스톨 달라멜 샤도네이', price=8800}
WineInfo{wineTitle='로버트 몬다비 오크빌 까베르네 소비뇽', price=150000}
WineInfo{wineTitle='도츠 블랑드 블랑', price=405000}
WineInfo{wineTitle='메달라 까베르네 소비뇽', price=35000}
WineInfo{wineTitle='라피트 로칠드 오시에르 에이 루지', price=12000}
WineInfo{wineTitle='샴페인 코피네 라 뤼엘르 데 루', price=121500}
WineInfo{wineTitle='로쉬 드 벨렌, 제브레 샹베르탱 비에이 비뉴 (레드와인)', price=310000}
WineInfo{wineTitle='레 라마세르 까버네쇼비뇽', price=14800}
WineInfo{wineTitle='까사 로호 엘 고르도 델 시르코', price=34200}
WineInfo{wineTitle='에라쥬리즈에스테이트 샤르도네', price=13800}
WineInfo{wineTitle='더 나파 샤르도네', price=39800}
WineInfo{wineTitle='샤또 깡뜨냑 브라운 2013', price=103500}
WineInfo{wineTitle='제라르 베르트랑 꼬뜨 로즈 로제 (로제와인)', price=15300}
WineInfo{wineTitle='코노수르 20배럴 까베르네소비뇽', price=55000}
WineInfo{wineTitle='몰리나 레세르바 트리부토 150주년', price=19800}
WineInfo{wineTitle='덕혼 데코이 레드와인 14', price=54800}
WineInfo{wineTitle='펜폴즈 로손 리트리트 까버네쇼비뇽', price=25000}
WineInfo{wineTitle='프레스코발디 레몰레 로쏘', price=18000}
WineInfo{wineTitle='AY 디아블로 2본 세트', price=63000}
WineInfo{wineTitle='N-17 체사리 세트', price=162000}
WineInfo{wineTitle='샤토 생 미셸 컬럼비아 밸리 카베르네 소비뇽', price=34800}
WineInfo{wineTitle='찰스하이직, 블랑 드 블랑 (샴페인)', price=320000}
WineInfo{wineTitle='찰스 하이직 블랑 데 밀레네르 2007', price=780000}
WineInfo{wineTitle='투핸즈 가든 시리즈 세트', price=600000}
WineInfo{wineTitle='샹파뉴 그롱네 블랑 드 누아', price=54000}
WineInfo{wineTitle='35 사우스 리제르바 멜롯', price=24000}
WineInfo{wineTitle='샴페인 코피네 자댕 소바쥬', price=85500}
WineInfo{wineTitle='라포스톨 달라멜 버라이어탈 쇼비뇽블랑', price=8800}
WineInfo{wineTitle='콘차이토로 그란리제르바 까버네쇼비뇽', price=21000}
WineInfo{wineTitle='페냐솔 아이렌', price=5980}
WineInfo{wineTitle='베르테네 에 피스 몽타니 프리미에 크뤼 비에이 비뉴 2019', price=36000}
WineInfo{wineTitle='N-13 케이머스 코넌드럼 세트', price=144000}
WineInfo{wineTitle='찰스 하이직, 브뤼 밀레짐 2012(샴페인)', price=396000}
WineInfo{wineTitle='베린저 브로스 소비뇽 블랑', price=25800}
WineInfo{wineTitle='뱅상 지라르댕, 슈발리에 몽라셰 그랑 크뤼 (화이트와인)', price=2100000}
WineInfo{wineTitle='서브미션 레드블렌드', price=26100}
WineInfo{wineTitle='페라톤 프레데릭 르베르디 꼬뜨 뒤 론 블랑', price=17500}
WineInfo{wineTitle='서브미션 샤도네이', price=26100}
WineInfo{wineTitle='덕혼 디코이 카버네 소비뇽 750ML (레드와인)', price=87300}
WineInfo{wineTitle='샤토 마이에, 샤토 뷰 샹트카유 (레드와인)', price=112000}
WineInfo{wineTitle='퀼트 나파 밸리 까베르네소비뇽(레드와인)', price=153000}
WineInfo{wineTitle='마이펫, 모나스트렐 로제 (로제와인)', price=28800}
WineInfo{wineTitle='로버트 몬다비 나파 밸리 샤도네이', price=45000}
WineInfo{wineTitle='맥스 리제르바 샤도네이', price=24900}
WineInfo{wineTitle='도스코파스 까베르네 소비뇽', price=4900}
WineInfo{wineTitle='몰리두커 더 복서', price=88000}
WineInfo{wineTitle='35 사우스 리제르바 까르미네르', price=24000}
WineInfo{wineTitle='루이라뚜르 피노누아(레드와인)', price=72000}
WineInfo{wineTitle='콜롬비아 크레스트 그랑 에스테이트 쉬라', price=35800}
WineInfo{wineTitle='텍스트북 배럴티프 까베르네소비뇽', price=170000}
WineInfo{wineTitle='도스 코파스 레드', price=4900}
WineInfo{wineTitle='텍스트북, 나파 메를로', price=112000}
WineInfo{wineTitle='G7 샤도네이', price=7900}
WineInfo{wineTitle='칸티 모스카토 다스티 DOCG', price=17800}
WineInfo{wineTitle='몬테칠로 크리안자', price=29600}
WineInfo{wineTitle='G7 메를로', price=7900}
WineInfo{wineTitle='앙드레 끌루에 상파뉴 브뤼 그랑 리저브', price=49500}
WineInfo{wineTitle='캔달빈트너스리저브 레드블렌드', price=39800}
WineInfo{wineTitle='브루노 미셸 드미 륀', price=120000}
WineInfo{wineTitle='럭스, 골드 브륏 NV', price=18000}
WineInfo{wineTitle='다나 에스테이트 바소 카베르네 소비뇽', price=162000}
WineInfo{wineTitle='인디고 아이즈 진판델', price=25800}
WineInfo{wineTitle='페리에주에 벨레포크 로제', price=578000}
WineInfo{wineTitle='롱 반 캘리포니아 멜롯', price=14800}
WineInfo{wineTitle='로버트 오틀리, 피니스테르 시라즈 (레드와인)', price=110000}
WineInfo{wineTitle='689 화이트 나파 밸리 2020', price=25000}
WineInfo{wineTitle='CYT 그란 레세르바 시라', price=33000}
WineInfo{wineTitle='롱반 세트', price=54000}
WineInfo{wineTitle='우마니론끼 펠라고', price=118000}
WineInfo{wineTitle='펜폴즈 빈 389 카베르네 쉬라즈', price=171000}
WineInfo{wineTitle='몰리두커, 미스 몰리', price=54000}
WineInfo{wineTitle='깔멜 앤 조셉 레 크뤼 몽페이루 (레드와인)', price=25200}
WineInfo{wineTitle='KY와인명가세트2호', price=180000}
WineInfo{wineTitle='그래블리 포드 샤르도네', price=15600}
WineInfo{wineTitle='갬블, 나파밸리 까베르네 소비뇽(레드와인)', price=260000}
WineInfo{wineTitle='털리와인셀러 쥬비나일 진판델', price=62100}
WineInfo{wineTitle='N-16 돈나푸가타 세트', price=162000}
WineInfo{wineTitle='퀼트 나파 밸리 더 페브릭 오브 더 랜드', price=35000}
WineInfo{wineTitle='프레스코발디 니포짜노 끼안티 리제르바', price=34200}
WineInfo{wineTitle='운두라가 싱글빈야드 까베르네소비뇽', price=24800}
WineInfo{wineTitle='샹파뉴 그롱네 블랑 드 블랑', price=54000}
WineInfo{wineTitle='카파르죠, 브루넬로 디 몬탈치노(레드와인)', price=208800}
WineInfo{wineTitle='카르타 네바다', price=14800}
WineInfo{wineTitle='샤또 데스끌랑 위스퍼링 엔젤', price=41400}
WineInfo{wineTitle='마르셀 다이스 리크비르', price=40500}
WineInfo{wineTitle='베르테네 에 피스 몽타니 떼뜨 드 뀌베 2018', price=26100}
WineInfo{wineTitle='폰세카 루비 포트', price=24300}
WineInfo{wineTitle='장 미셸 기불로 사비니 레 본 루즈 17', price=42300}
WineInfo{wineTitle='샤또 글로리아 2013 (레드와인)', price=66600}
WineInfo{wineTitle='글로리오소 리오하 크리안자(레드와인)', price=72000}
WineInfo{wineTitle='리샤르 바비옹 프레스티지', price=172800}
WineInfo{wineTitle='옐로우테일 퓨어브라이트 샤도네이', price=15800}
WineInfo{wineTitle='카사 로호 라 가바차', price=22500}
WineInfo{wineTitle='마르께스 데 까사 콘차 메를로', price=28000}
WineInfo{wineTitle='옐로우테일 까버네', price=15800}
WineInfo{wineTitle='미켈레 끼아를로 바롤로 DOCG', price=65000}
WineInfo{wineTitle='디아블로 데블스 콜렉션', price=19900}
WineInfo{wineTitle='몽제아 뮈네레 라 수페르브 꼬또 부르기뇽 19', price=31500}
WineInfo{wineTitle='아얄라 , 브룻 마져', price=145500}
WineInfo{wineTitle='라포스톨 그랑 셀렉션 까베르네 소비뇽', price=19800}
WineInfo{wineTitle='라포스톨 달라멜 버라이어탈 메를로', price=8800}
WineInfo{wineTitle='반피 시안도르 브라케토', price=18000}
WineInfo{wineTitle='페스티보 로쏘', price=7980}
WineInfo{wineTitle='로케타 라스 반데라스', price=7800}
WineInfo{wineTitle='코노수르 레세르바 샤도네이 (화이트와인)', price=18000}
WineInfo{wineTitle='무가 셀렉션 레세르바(레드와인)', price=207000}
WineInfo{wineTitle='엠 샤푸티에 빌라 오 블랑', price=45000}
WineInfo{wineTitle='타스카 달메리타 시그너스', price=80000}
WineInfo{wineTitle='피치니 사쏘 알 포지오', price=29800}
WineInfo{wineTitle='마니피코 푸오코 리제르바', price=108000}
WineInfo{wineTitle='브리갈다라 발폴리첼라 리파소', price=34200}
WineInfo{wineTitle='양가라 PF 쉬라즈(레드와인)', price=108000}
WineInfo{wineTitle='울프 블라스 이글호크 까베르네 소비뇽', price=10800}
WineInfo{wineTitle='얄리 와일드스완 소비뇽블랑', price=8800}
WineInfo{wineTitle='스택스 립 와인 셀라 카리아 샤도네이 2018', price=80000}
WineInfo{wineTitle='나파 셀라 까베르네소비뇽', price=75000}
WineInfo{wineTitle='더 마스코트 까베르네 소비뇽 (레드와인)', price=351000}
WineInfo{wineTitle='울프 블라스 옐로라벨 쉬라즈', price=18000}
WineInfo{wineTitle='샤또 깡뜨메를르 2017', price=60300}
WineInfo{wineTitle='버진 드 발랑드로 2017', price=80100}
WineInfo{wineTitle='도멘 바로나크 블랑', price=109000}
WineInfo{wineTitle='파 니엔테 니켈 JC 슐랜저 까베르네 소비뇽 750ML (레드와인)', price=270000}
WineInfo{wineTitle='산펠리체 끼안티 클라시코', price=42800}
WineInfo{wineTitle='도멘 피롱, 크레망 드 부르고뉴', price=40500}
WineInfo{wineTitle='피오 체사레, 바르베라 달바', price=76000}
WineInfo{wineTitle='엠 샤푸티에 바케라스(레드와인)', price=90000}
WineInfo{wineTitle='라미 울지 로드 빈야드 샤르도네(화이트와인)', price=184500}
WineInfo{wineTitle='프레스코발디 지라몬테 2017', price=252000}
WineInfo{wineTitle='엠 샤푸티에 라스토(레드와인)', price=63000}
WineInfo{wineTitle='피터르만 힐 앤 밸리 샤도네이', price=29880}
WineInfo{wineTitle='G7 까베르네 소비뇽 (375ml)', price=4280}
WineInfo{wineTitle='록 드 깡브 2013', price=126000}
WineInfo{wineTitle='보리우 빈야드 나파 까베르네 소비뇽(레드와인)', price=135000}
WineInfo{wineTitle='피스트 앤 바인 쉬라즈', price=14800}
WineInfo{wineTitle='노스스타 왈라왈라밸리 레드블랜드', price=162000}
WineInfo{wineTitle='샤또 뽕떼 까네 2013', price=225000}
WineInfo{wineTitle='파올로 스카비노, 비노 로쏘', price=58000}
WineInfo{wineTitle='마레농 베르상 수드 750ML (레드와인)', price=33300}
WineInfo{wineTitle='아발론 나파밸리 까버네쇼비뇽', price=39000}
WineInfo{wineTitle='투핸즈 브레이브 페이스 2020', price=40000}
WineInfo{wineTitle='마틴 랜치 J.D. 헐리 까베르네 소비뇽', price=58500}
WineInfo{wineTitle='슈퍼투스칸 묶음특가 (사쏘 알포지오 + 톨라이니 알파쏘)', price=72900}
WineInfo{wineTitle='AY 이탈리아 인기와인 세트', price=180000}
WineInfo{wineTitle='샤토 생 미셸 컬럼비아 밸리 메를로', price=34800}
WineInfo{wineTitle='미켈레 끼아를로 바르베라 다스띠 레 오르메(레드와인)', price=36000}
WineInfo{wineTitle='찰스 하이직, 브륏 리저브 1.5L (샴페인)', price=470000}
WineInfo{wineTitle='샤토 생 미셸 인디언 웰스 샤르도네', price=45000}
WineInfo{wineTitle='샤토 마이에, 샤토 로셰 가르다 (레드와인)', price=74000}
WineInfo{wineTitle='메달라 말벡', price=36000}
WineInfo{wineTitle='자불레 지공다스 삐에르 애기 750ML (레드와인)', price=38700}
WineInfo{wineTitle='알렉스 감발 부르고뉴 피노누아 뀌베 레 두 빠삐', price=60000}
WineInfo{wineTitle='라포스톨 아팔타', price=55000}
WineInfo{wineTitle='그랑 파씨오네(레드와인)', price=72000}
WineInfo{wineTitle='고세 그랑 밀레짐', price=477000}
WineInfo{wineTitle='엠 샤푸티에 코트 뒤 론 루즈 (이마트)', price=19800}
WineInfo{wineTitle='운두라가 브뤼', price=14800}
WineInfo{wineTitle='일 팔라지오 시스터문', price=99000}
WineInfo{wineTitle='도스코파스 까베르네 소비뇽', price=4900}
WineInfo{wineTitle='몰리두커 더 복서', price=88000}
WineInfo{wineTitle='35 사우스 리제르바 까르미네르', price=24000}
WineInfo{wineTitle='루이라뚜르 피노누아(레드와인)', price=72000}
WineInfo{wineTitle='콜롬비아 크레스트 그랑 에스테이트 쉬라', price=35800}
WineInfo{wineTitle='텍스트북 배럴티프 까베르네소비뇽', price=170000}
WineInfo{wineTitle='도스 코파스 레드', price=4900}
WineInfo{wineTitle='텍스트북, 나파 메를로', price=112000}
WineInfo{wineTitle='G7 샤도네이', price=7900}
WineInfo{wineTitle='칸티 모스카토 다스티 DOCG', price=17800}
WineInfo{wineTitle='몬테칠로 크리안자', price=29600}
WineInfo{wineTitle='G7 메를로', price=7900}
WineInfo{wineTitle='앙드레 끌루에 상파뉴 브뤼 그랑 리저브', price=49500}
WineInfo{wineTitle='몰리두커, 바이올리니스트', price=61200}
WineInfo{wineTitle='옐로우테일 샤도네', price=15800}
WineInfo{wineTitle='모젤란드 아우스레제', price=21800}
WineInfo{wineTitle='투핸즈 아프로디테 2018', price=240000}
WineInfo{wineTitle='코디치 화이트 스위트', price=14900}
WineInfo{wineTitle='푸나무 소비뇽 블랑', price=32000}
WineInfo{wineTitle='빌라엠 골드(화이트와인)', price=39600}
WineInfo{wineTitle='윌리엄 페브르 샤블리 1500ML (화이트와인)', price=118800}
WineInfo{wineTitle='얄리 와일드스완 까베르네소비뇽 하프', price=4800}
WineInfo{wineTitle='알파카 폴딩 패키지', price=41310}
WineInfo{wineTitle='트림바크 게브르츠트라미너(화이트와인)', price=54000}
WineInfo{wineTitle='몬테스 알파 엠 750ML (레드 와인)', price=198000}
WineInfo{wineTitle='몽페라 스페셜 셀렉션', price=18000}
WineInfo{wineTitle='에로이카 리슬링(화이트와인)', price=81000}
WineInfo{wineTitle='콜 솔라레', price=252000}
WineInfo{wineTitle='돈 막시미아노(레드와인)', price=270000}
WineInfo{wineTitle='까르페스 데 에고메이 크리안자', price=19900}
WineInfo{wineTitle='펜폴즈 쿠능가 힐 샤르도네', price=26100}
WineInfo{wineTitle='아싸 크리안자', price=32800}
WineInfo{wineTitle='투핸즈 섹시 비스트 (레드와인)', price=43000}
WineInfo{wineTitle='파고아일레스 센다 드 레네도레스', price=55000}
WineInfo{wineTitle='나파 하이랜즈, 카베르네 소비뇽', price=83700}
WineInfo{wineTitle='도멘 바로나크', price=84800}
WineInfo{wineTitle='AY 본테라 세트', price=112500}
WineInfo{wineTitle='이태리 프레스코발디 페라노 끼안티 클라시코 + 리제르바', price=126000}
WineInfo{wineTitle='AY 빌라 안티노리 2본', price=126000}
WineInfo{wineTitle='AY 아르헨티나 아이콘 와인 세트', price=216000}
WineInfo{wineTitle='부켈라 믹스드 블랙', price=252000}
WineInfo{wineTitle='파 니엔테 니켈 CC 랜치 까베르네 소비뇽 750ML (레드와인)', price=270000}
WineInfo{wineTitle='CSR 피오체사레 세트', price=271800}
WineInfo{wineTitle='샴페인 앙리 보장시 뀌베 데 아무로즈블랑 드 블랑', price=77000}
WineInfo{wineTitle='루이나 블랑 드 블랑', price=171000}
WineInfo{wineTitle='N-21 라 네르트 CDP 세트', price=324000}
WineInfo{wineTitle='피치니 끼안띠 375ml', price=7900}
WineInfo{wineTitle='리파 마그나 코르비나', price=135000}
WineInfo{wineTitle='뛰느방 배드 보이 골드', price=270000}
WineInfo{wineTitle='토브렉 , 올드바인 GSM', price=54000}
WineInfo{wineTitle='울프 블라스 레드라벨 까베르네', price=15800}
WineInfo{wineTitle='프루노토 바롤로', price=135000}
WineInfo{wineTitle='트리벤토 리저브 카버네쇼비뇽 750ml', price=17800}
WineInfo{wineTitle='마르께스 데 까사 콘차 메를로', price=31500}
WineInfo{wineTitle='마르께스 데 까사 콘차 까르미네르', price=38000}
WineInfo{wineTitle='덕혼 디코이 멀롯 750ML (레드와인)', price=87300}
WineInfo{wineTitle='다우 10년 토니 포트 750ML (레드와인,포트와인)', price=69300}
WineInfo{wineTitle='AY 프리미티보 세트', price=198000}
WineInfo{wineTitle='이기갈 에르미타쥐 루즈 아트 (레드와인)', price=120000}
WineInfo{wineTitle='AY 페데럴리스트 세트', price=270000}
WineInfo{wineTitle='메이오미 피노누아 750ML (레드와인)', price=81000}
WineInfo{wineTitle='알타비스타 클래식 까버네소비뇽', price=15800}
WineInfo{wineTitle='올리바레스 블랑코', price=16500}
WineInfo{wineTitle='쏜 클락 샷파이어 쉬라즈 (레드와인)', price=36000}
WineInfo{wineTitle='P+S 크리세이야(레드와인)', price=216000}
WineInfo{wineTitle='루이라뚜르 샤르도네(화이트와인)', price=54000}
WineInfo{wineTitle='나파 셀라 피노누아', price=59000}
WineInfo{wineTitle='피오 체사레, 돌체토 달바', price=72000}
WineInfo{wineTitle='파리의 심판세트', price=315000}
WineInfo{wineTitle='델라모뜨 브륏', price=79000}
WineInfo{wineTitle='빌라 돈 막시미아노(레드와인)', price=144000}
WineInfo{wineTitle='다우 20년 토니 포트 750ML (레드와인,포트와인)', price=144000}
WineInfo{wineTitle='플라네타 플럼바고 (레드와인)', price=21600}
WineInfo{wineTitle='샤또 시트랑 13', price=40500}
WineInfo{wineTitle='샤를 도떼일 샴페인 브륏', price=75000}
WineInfo{wineTitle='레 자멜 끌레르 드 로제', price=15000}
WineInfo{wineTitle='마이펫, 템프라니요 (레드와인)', price=28800}
WineInfo{wineTitle='폰세카 빈 27', price=31500}
WineInfo{wineTitle='요리오(레드와인)', price=42300}
WineInfo{wineTitle='펜폴즈 맥스 쉬라즈(레드와인)', price=81000}
WineInfo{wineTitle='CSR 아톰 세트', price=90000}
WineInfo{wineTitle='가야 마가리', price=135000}
WineInfo{wineTitle='AY 하디스 HRB 세트', price=162000}
WineInfo{wineTitle='파스쿠아, 진 프리미티보 (레드와인)', price=63000}
WineInfo{wineTitle='베린저 프라이빗 리저브 카베르네 소비뇽', price=675000}
WineInfo{wineTitle='로쉬 드 벨렌, 부르고뉴 피노누아 퀴베 리저브 (레드와인)', price=72000}
WineInfo{wineTitle='루이자도 샤사뉴 몽라쉐 (화이트와인)', price=120000}
WineInfo{wineTitle='페스티보 비앙코', price=7980}
WineInfo{wineTitle='미티크 랑그독 루즈', price=14900}
WineInfo{wineTitle='울프 블라스 레드라벨 쉬라즈', price=15800}
WineInfo{wineTitle='울프 블라스 옐로라벨 샤도네이', price=24800}
WineInfo{wineTitle='코폴라 와이너리, 디렉터스 컷 시네마 (레드와인)', price=150000}
WineInfo{wineTitle='그라함, 30년 토니 포트 (포트와인)', price=440000}
WineInfo{wineTitle='투핸즈 벨라스 가든 (레드와인)', price=99000}
WineInfo{wineTitle='디아블로 카르메네르 375ml', price=6900}
WineInfo{wineTitle='캔달잭슨 빈트너스 리저브 소비뇽블랑', price=39800}
WineInfo{wineTitle='샤토 생 미셸 인디언 웰스 메를로', price=69000}
WineInfo{wineTitle='엠 샤푸티에 지공다스', price=60300}
WineInfo{wineTitle='도멘 생 제르망 페르산 뒤 프랭스 2019', price=58500}
WineInfo{wineTitle='샴페인 기 라포르주 브륏 그랑 뀌베', price=79200}
WineInfo{wineTitle='샤또 베이슈벨 2014', price=234000}
WineInfo{wineTitle='산타리타120 카버네 375', price=9900}
WineInfo{wineTitle='산타리타120 멜로 375', price=9900}
WineInfo{wineTitle='9 라이브즈 리저브 까르미네르', price=10900}
WineInfo{wineTitle='피오 체사레, 바르바레스코 일 브리꼬', price=320000}
WineInfo{wineTitle='롱반 메를로 750ML (레드와인)', price=24000}
WineInfo{wineTitle='홉노브 피노누아', price=25000}
WineInfo{wineTitle='트리오 리제르바 멜롯', price=17800}
WineInfo{wineTitle='폰세카 타우니 포트', price=27000}
WineInfo{wineTitle='마르셀 다이스 알자스 컴플렌테이션', price=31500}
WineInfo{wineTitle='샹동 로제', price=45000}
WineInfo{wineTitle='아르망 드 브리냑 브뤼 골드', price=990000}
WineInfo{wineTitle='에스메랄다 까베르네 소비뇽', price=17800}
WineInfo{wineTitle='도스코파스 까베르네 소비뇽', price=4900}
WineInfo{wineTitle='몰리두커 더 복서', price=88000}
WineInfo{wineTitle='35 사우스 리제르바 까르미네르', price=24000}
WineInfo{wineTitle='루이라뚜르 피노누아(레드와인)', price=72000}
WineInfo{wineTitle='콜롬비아 크레스트 그랑 에스테이트 쉬라', price=35800}
WineInfo{wineTitle='텍스트북 배럴티프 까베르네소비뇽', price=170000}
WineInfo{wineTitle='도스 코파스 레드', price=4900}
WineInfo{wineTitle='텍스트북, 나파 메를로', price=112000}
WineInfo{wineTitle='G7 샤도네이', price=7900}
WineInfo{wineTitle='칸티 모스카토 다스티 DOCG', price=17800}
WineInfo{wineTitle='몬테칠로 크리안자', price=29600}
WineInfo{wineTitle='G7 메를로', price=7900}
WineInfo{wineTitle='앙드레 끌루에 상파뉴 브뤼 그랑 리저브', price=49500}
WineInfo{wineTitle='패트리셔스 토카이 아쑤 6 푸토뇨스 500ml', price=176000}
WineInfo{wineTitle='유 원 프리미티보 만두리아', price=90000}
WineInfo{wineTitle='울프 블라스 옐로라벨 까베르네 소비뇽', price=24800}
WineInfo{wineTitle='조셉 칼 나파 샤르도네', price=65800}
WineInfo{wineTitle='앙리 샤블리 프리미에 크뤼', price=72000}
WineInfo{wineTitle='니콜라 푸이야뜨 블랑 드 블랑 브뤼', price=110000}
WineInfo{wineTitle='산타캐롤리나 리제르바 까버네소비뇽', price=19800}
WineInfo{wineTitle='플라네타 알라스트로', price=21600}
WineInfo{wineTitle='마르케스 데 몬떼메루 그랑리제르바', price=24800}
WineInfo{wineTitle='리카솔리 알비아 비앙코 토스카나 IGT', price=26100}
WineInfo{wineTitle='베테 디 산 레오나르도', price=28800}
WineInfo{wineTitle='폴 자불레 꼬뜨 뒤 론 빠할레45 루즈 750ML (레드와인)', price=29700}
WineInfo{wineTitle='와비 사비 사쿠라 로제 펫 낫', price=36000}
WineInfo{wineTitle='레정드 알 보르도 루즈 (보르도 AOC)', price=36000}
WineInfo{wineTitle='더 롱 독, 루즈 1.5L', price=38000}
WineInfo{wineTitle='투핸즈 브레이브 페이스 2020', price=40000}
WineInfo{wineTitle='핀카 바카라, 3015', price=52000}
WineInfo{wineTitle='조쉬 까베르네 소비뇽', price=58500}
WineInfo{wineTitle='덕혼 디코이 피노누아 750ML (레드와인)', price=87300}
WineInfo{wineTitle='엑스트라 리브르 르 세드르 (레드와인)', price=89100}
WineInfo{wineTitle='클라우디오 알라리오 바롤로 리바', price=102000}
WineInfo{wineTitle='N-12 루피노 세트', price=108000}
WineInfo{wineTitle='끌로뒤발 진판델', price=117000}
WineInfo{wineTitle='AY 칠카스 2본입 세트', price=126000}
WineInfo{wineTitle='CSR 도우 세트', price=126000}
WineInfo{wineTitle='기달베르토(레드와인)', price=135000}
WineInfo{wineTitle='덕혼 멀롯 750ML (레드와인)', price=144000}
WineInfo{wineTitle='샤또 가쟁 2011', price=162000}
WineInfo{wineTitle='후프스, 샤도네이 제니스 빈야드(화이트와인)', price=220000}
WineInfo{wineTitle='미라피오레 바롤로 (레드와인)', price=239000}
WineInfo{wineTitle='AY 티터토터 세트', price=315000}
WineInfo{wineTitle='인디고 아이즈 까베르네 소비뇽', price=25800}
WineInfo{wineTitle='보엔 러시안 리버 밸리 피노 누아', price=80000}
WineInfo{wineTitle='1000스토리 세트 (1000스토리 까쇼 + 진팔델)', price=54000}
WineInfo{wineTitle='코노수르 레세르바 까베르네소비뇽', price=22000}
WineInfo{wineTitle='루이라뚜르 피노누아', price=48000}
WineInfo{wineTitle='라포스톨 뀌베 알렉상드르 까베르네 소비뇽', price=90000}
WineInfo{wineTitle='랑메일 밸리 플로우 쉬라즈', price=100000}
WineInfo{wineTitle='양가라 쉬라즈(레드와인)', price=108000}
WineInfo{wineTitle='피오 체사레, 바르베라 달바 피데스', price=160000}
WineInfo{wineTitle='AY 에스쿠도로호세트', price=171000}
WineInfo{wineTitle='클라인 콘스탄시아, 뱅 드 콘스탄스 (스위트와인)', price=356400}
WineInfo{wineTitle='샹파뉴 그롱네 블랑 드 누아', price=49500}
WineInfo{wineTitle='샴페인 꽁 드 라모뜨 브뤼 750ML (샴페인)', price=77400}
WineInfo{wineTitle='칼리테라 리제르바 메를로', price=12800}
WineInfo{wineTitle='카모미 나파 밸리 샤도네이 750ML (화이트 와인)', price=56700}
WineInfo{wineTitle='랑메일 피프스 웨이브 그르나슈', price=59800}
WineInfo{wineTitle='샤또 꼬르뱅 2013', price=61200}
WineInfo{wineTitle='젠틀맨즈 컬렉션 까베르네 소비뇽(레드와인)', price=90000}
WineInfo{wineTitle='아비뇨시 비노노빌레750ml', price=79800}
WineInfo{wineTitle='빌라엠 썸', price=19800}
WineInfo{wineTitle='더 페데럴리스트 진판델(레드와인)', price=135000}
WineInfo{wineTitle='캔달잭슨 샤르도네375ml', price=22000}
WineInfo{wineTitle='엑스트라버겐저 스파클링(스파클링,화이트와인)', price=40500}
WineInfo{wineTitle='그래블리 포드 카베르네소비뇽', price=15600}
WineInfo{wineTitle='몬테스 클래식 카버네 소비뇽 750ML (레드 와인)', price=24000}
WineInfo{wineTitle='마시 코스타세라 아마로네', price=225000}
WineInfo{wineTitle='카르멘 리세르바 까버네750ml', price=12500}
WineInfo{wineTitle='까르멘 멜롯(인시그네)', price=14800}
WineInfo{wineTitle='라포데리나 브루넬로 디 몬탈치노 레세르바 포지오 아바떼', price=180000}
WineInfo{wineTitle='올리비에 르플레브 샤블리 레두리브 18', price=79000}
WineInfo{wineTitle='파스쿠아, 프리잔떼 로제 (스파클링와인)', price=45900}
WineInfo{wineTitle='캐논볼 메를로', price=22000}
WineInfo{wineTitle='피치니 네로 다볼라 (레드와인)', price=13500}
WineInfo{wineTitle='마헨들 그뤼너 펠트리너 페더슈필', price=27000}
WineInfo{wineTitle='펜폴즈 쿠능가 힐 카베르네 소비뇽', price=29800}
WineInfo{wineTitle='펜폴즈 쿠능가힐 어텀 리슬링', price=34800}
WineInfo{wineTitle='말버로 묶음특가 (토후 말버로 쇼블 + 생클 버블스)', price=56700}
WineInfo{wineTitle='로버트 오틀리, 시그니처 쉬라즈 (레드와인)', price=58000}
WineInfo{wineTitle='몬테스 알파 블랙 피노누아 750ML (레드 와인)', price=66600}
WineInfo{wineTitle='프레스코발디 니포짜노 끼안티 리제르바', price=34860}
WineInfo{wineTitle='크레스만 그라브 화이트 하프', price=9800}
WineInfo{wineTitle='칼리테라 리제르바 까르미네르', price=12800}
WineInfo{wineTitle='핀까엘 오리엔 샤도네이', price=12800}
WineInfo{wineTitle='에라쥬리즈에스테이트까버네쇼비뇽', price=13800}
WineInfo{wineTitle='스텀프점프 쉬라즈', price=14800}
WineInfo{wineTitle='크레스만 보르도 레드', price=14800}
WineInfo{wineTitle='에쿠스 레드750ml', price=15000}
WineInfo{wineTitle='몰리나 레세르바 소비뇽블랑', price=15000}
WineInfo{wineTitle='에피카 소비뇽블랑', price=16000}
WineInfo{wineTitle='임페리움 비니, 템플럼 시라 (레드와인)', price=16200}
WineInfo{wineTitle='코노 피노누아', price=24800}
WineInfo{wineTitle='라피스 루나 진판델', price=30600}
WineInfo{wineTitle='맥스 리제르바 시라(레드와인)', price=39600}
WineInfo{wineTitle='프레스코발디 페라노 끼안띠 클라시코', price=39900}
WineInfo{wineTitle='블랜디스 마데이라, 듀크 오브 클라렌스 3년 (주정강화와인)', price=84000}
WineInfo{wineTitle='발데리즈, 발데리즈', price=100000}
WineInfo{wineTitle='프리마크 아비 샤르도네(화이트와인)', price=135000}
WineInfo{wineTitle='뱅상 지라르댕, 상트네 1erCru 르 보르가르 (레드와인)', price=174000}
WineInfo{wineTitle='펜폴즈 빈 407 카베르네 소비뇽', price=270000}
WineInfo{wineTitle='갤리카, 오크빌 까베르네 소비뇽(레드와인)', price=600000}
WineInfo{wineTitle='도멘 하고 지브리1er Cru 라 그랑드 베즈', price=89000}
WineInfo{wineTitle='톨라이니 끼안티 클라시코 그란 셀레지오네', price=54000}
WineInfo{wineTitle='폴 자불레 꼬뜨 뒤 론 빠할레 45 블랑 750ML (화이트와인)', price=29700}
WineInfo{wineTitle='레알 꼼빠니아 비냐 에기아 그랑 레세르바', price=39800}
WineInfo{wineTitle='코얌 세트', price=90000}
WineInfo{wineTitle='델라모뜨 로제', price=117000}
WineInfo{wineTitle='배비치 말보로 피노누아', price=35800}
WineInfo{wineTitle='올리비에 르플레브 부르고뉴 샤도네이', price=58000}
WineInfo{wineTitle='에스메랄다 말벡', price=17800}
WineInfo{wineTitle='도스코파스 까베르네 소비뇽', price=4900}
WineInfo{wineTitle='몰리두커 더 복서', price=88000}
WineInfo{wineTitle='35 사우스 리제르바 까르미네르', price=24000}
WineInfo{wineTitle='루이라뚜르 피노누아(레드와인)', price=72000}
WineInfo{wineTitle='콜롬비아 크레스트 그랑 에스테이트 쉬라', price=35800}
WineInfo{wineTitle='텍스트북 배럴티프 까베르네소비뇽', price=170000}
WineInfo{wineTitle='도스 코파스 레드', price=4900}
WineInfo{wineTitle='텍스트북, 나파 메를로', price=112000}
WineInfo{wineTitle='G7 샤도네이', price=7900}
WineInfo{wineTitle='칸티 모스카토 다스티 DOCG', price=17800}
WineInfo{wineTitle='몬테칠로 크리안자', price=29600}
WineInfo{wineTitle='G7 메를로', price=7900}
WineInfo{wineTitle='앙드레 끌루에 상파뉴 브뤼 그랑 리저브', price=49500}
WineInfo{wineTitle='푸두 카베르네 쉬라즈250ML', price=3900}
WineInfo{wineTitle='맥스 리제르바 까베르네소비뇽(레드와인)', price=39600}
WineInfo{wineTitle='CSR 핀카바카라 세트', price=82800}
WineInfo{wineTitle='샤또 로장 가씨 2018', price=135000}
WineInfo{wineTitle='아티스트 시리즈', price=150000}
WineInfo{wineTitle='샤또 뒤크뤼 보까이유 2017', price=436500}
WineInfo{wineTitle='얄리 리미티드 세트', price=180000}
WineInfo{wineTitle='펠릭스 솔리스 페냐솔 블랑코 1L', price=6800}
WineInfo{wineTitle='닥터 린드만 빈 65 샤르도네', price=12800}
WineInfo{wineTitle='벤드 화이트 진판델 750ML (로제와인)', price=18000}
WineInfo{wineTitle='이기갈 꼬뜨 뒤 론 블랑 (화이트와인)', price=25000}
WineInfo{wineTitle='로쉐마제 까베르네 소비뇽', price=25000}
WineInfo{wineTitle='미켈레 끼아를로 가비 레 마르네', price=25800}
WineInfo{wineTitle='689 화이트 나파 밸리', price=27000}
WineInfo{wineTitle='베린저 메인앤바인 메를로', price=31500}
WineInfo{wineTitle='☆레드잔 증정☆ 슬링샷 까베르네소비뇽', price=31500}
WineInfo{wineTitle='라포데리나 로쏘 디 몬탈치노', price=38000}
WineInfo{wineTitle='핀카 바카라, 크레이지 그레이프(아바타)', price=40000}
WineInfo{wineTitle='CYT 그란 레세르바 샤르도네', price=54000}
WineInfo{wineTitle='컨버트(레드와인)', price=90000}
WineInfo{wineTitle='덕혼 디코이 리미티드 나파 밸리 카버네 소비뇽 750ML (레드와인)', price=112500}
WineInfo{wineTitle='뱅상 지라르댕, 푸이 퓌세 비에유 비뉴 (화이트와인)', price=134000}
WineInfo{wineTitle='샤또 브란 깡뜨냑 2017', price=144000}
WineInfo{wineTitle='아카넘 750ML (레드와인)', price=324000}
WineInfo{wineTitle='도미누스 에스테이트 2012', price=850000}
WineInfo{wineTitle='운두라가 데미섹', price=14800}
WineInfo{wineTitle='도메니꼬 끌레리꼬 바르베라 달바 트레비네', price=63000}
WineInfo{wineTitle='닥터 린드만 빈 45 까베르네 소비뇽', price=12800}
WineInfo{wineTitle='콘차이토로 푸두 카베르네 쉬라즈', price=12800}
WineInfo{wineTitle='G7 리저브 까르미네르', price=14000}
WineInfo{wineTitle='크레스만 보르도 화이트섹', price=14800}
WineInfo{wineTitle='카르멘 소비뇽블랑(인시그네)', price=14800}
WineInfo{wineTitle='샤또 아가든', price=15000}
WineInfo{wineTitle='에스트렐라그랑리저브까버네', price=15000}
WineInfo{wineTitle='알타비스타 클래식 토론테스', price=15800}
WineInfo{wineTitle='에피카 레드', price=16000}
WineInfo{wineTitle='브리갈다라 발폴리첼라 DOC', price=18000}
WineInfo{wineTitle='떼라 린다 가르나차', price=19800}
WineInfo{wineTitle='일 팔라지오 메세지 인 어 바틀 로쏘', price=24000}
WineInfo{wineTitle='테레 디 산 레오나르도', price=28800}
WineInfo{wineTitle='마이펫, 쇼비뇽 블랑 (화이트와인)', price=28800}
WineInfo{wineTitle='일 팔라지오 웬 위 댄스', price=29000}
WineInfo{wineTitle='떼르 시칠리아느 로쏘 IGT', price=29800}
WineInfo{wineTitle='라피스 루나 소비뇽 블랑', price=31500}
WineInfo{wineTitle='다우 파인 토니 포트 750ML (레드와인)', price=34200}
WineInfo{wineTitle='라포스톨 뀌베 알렉상드르 까베르네 소비뇽', price=39800}
WineInfo{wineTitle='델리카토 아이러니 까버네쇼비뇽', price=44800}
WineInfo{wineTitle='도멘 드 라 자나스, 꼬뜨 뒤 론', price=48000}
WineInfo{wineTitle='칼리테라 페트레오 말벡', price=50000}
WineInfo{wineTitle='핀카 라스 모라스 레세르바 말벡(레드와인)', price=54000}
WineInfo{wineTitle='베린저 파운더스 메를로', price=54000}
WineInfo{wineTitle='1865 셀렉티드 빈야드 소비뇽블랑', price=58500}
WineInfo{wineTitle='펜폴즈 쿠능가 힐 어텀 리슬링', price=72000}
WineInfo{wineTitle='카사 마로네, 아파시멘토 비앙코 (화이트와인)', price=72000}
WineInfo{wineTitle='콜롬비아크레스트 리저브 까베르네소비뇽 와토마 스프링스 빈야드 (레드와인)', price=72000}
WineInfo{wineTitle='블랜디스 마데이라, 5년 레제르바 (주정강화와인)', price=80000}
WineInfo{wineTitle='주베 이 깜프 레제르바 데 라 파밀리아 (스파클링와인)', price=84000}
WineInfo{wineTitle='핀카 바카라,하이(토치)', price=90000}
WineInfo{wineTitle='카를로 펠레그리노 마르살라 베르지네 리제르바 빈티지 (레드와인)', price=94500}
WineInfo{wineTitle='케익브레드 메를로', price=108000}
WineInfo{wineTitle='에스쿠도 로호 오리진(레드와인)', price=108000}
WineInfo{wineTitle='도멘 베르나르 바이에뜨, 보졸레 블랑 (화이트와인)', price=110000}
WineInfo{wineTitle='도멘 자우메, 비네아 나뚜라 (레드와인)', price=132000}
WineInfo{wineTitle='램본, 카베르네 쇼비뇽 (레드와인)', price=580000}
WineInfo{wineTitle='브로켈 까베르네 소비뇽', price=16800}
WineInfo{wineTitle='까르멘 그랑 리져브 까르미네르750ml', price=20000}
WineInfo{wineTitle='메달라 말벡', price=56000}
WineInfo{wineTitle='그란 메달라 까베르네 소비뇽', price=99000}
WineInfo{wineTitle='꾹셀 1er Cru 그랑 끌로 데 제쁘노', price=450000}
WineInfo{wineTitle='KY마제스티XO세트', price=108000}
WineInfo{wineTitle='베린저 나파밸리 메를로', price=162000}
WineInfo{wineTitle='운드라가 알리웬 까버네쇼비뇽 까르미네르', price=13000}
WineInfo{wineTitle='산타리타120 카버네소비뇽', price=14800}
WineInfo{wineTitle='트리벤토 트리부 말벡', price=16500}
WineInfo{wineTitle='프레스코발디 레몰레 비앙코', price=18000}
WineInfo{wineTitle='카멜로드 몬테레이 샤도네이', price=35000}
WineInfo{wineTitle='램본, 진판델 2016 (레드와인)', price=280000}
WineInfo{wineTitle='마주앙 캘리포니아', price=12800}
WineInfo{wineTitle='페데리코 파테니나 레세르바', price=14800}
WineInfo{wineTitle='아포틱 화이트', price=25000}
WineInfo{wineTitle='아발론 캘리포니아 까베르네 쇼비뇽', price=21800}
WineInfo{wineTitle='콜럼비아 크레스트 H3 까베르네 소비뇽', price=31500}
WineInfo{wineTitle='마주앙 라세느', price=9980}
WineInfo{wineTitle='울프 블라스 이글호크 샤도네이', price=10800}
WineInfo{wineTitle='블랙타워 클래식 리슬링', price=11900}
WineInfo{wineTitle='얄리 레세르바 소비뇽블랑', price=14800}
WineInfo{wineTitle='피스트 앤 바인 샤르도네', price=14800}
WineInfo{wineTitle='엠 샤푸티에 마리우스 블랑', price=16200}
WineInfo{wineTitle='트리오 리제르바 까버네쇼비뇽', price=17800}
WineInfo{wineTitle='테레 디 산 레오나르도 375ml (레드와인)', price=18000}
WineInfo{wineTitle='라 프로므나드', price=22500}
WineInfo{wineTitle='콜럼비아 크레스트 투바인 쉬라즈', price=24800}
WineInfo{wineTitle='울프 블라스 옐로라벨 쉬라즈 2018', price=24800}
WineInfo{wineTitle='맥스 리제르바 까베르네쇼비뇽', price=24900}
WineInfo{wineTitle='콜롬비아크레스트 그랑 에스테이트 까버네쇼비뇽', price=35800}
WineInfo{wineTitle='브라운 브라더스 시에나', price=36000}
WineInfo{wineTitle='미스팅게 플럼 브뤼', price=38700}
WineInfo{wineTitle='마스카 델 타코 루 라빠이오 프리미티보 디 만두리아', price=39600}
WineInfo{wineTitle='폰세카 타우니 포트', price=39800}
WineInfo{wineTitle='핀카 바카라, 예야', price=40000}
WineInfo{wineTitle='도스코파스 까베르네 소비뇽', price=4900}
WineInfo{wineTitle='몰리두커 더 복서', price=88000}
WineInfo{wineTitle='35 사우스 리제르바 까르미네르', price=24000}
WineInfo{wineTitle='루이라뚜르 피노누아(레드와인)', price=72000}
WineInfo{wineTitle='콜롬비아 크레스트 그랑 에스테이트 쉬라', price=35800}
WineInfo{wineTitle='텍스트북 배럴티프 까베르네소비뇽', price=170000}
WineInfo{wineTitle='도스 코파스 레드', price=4900}
WineInfo{wineTitle='텍스트북, 나파 메를로', price=112000}
WineInfo{wineTitle='G7 샤도네이', price=7900}
WineInfo{wineTitle='칸티 모스카토 다스티 DOCG', price=17800}
WineInfo{wineTitle='몬테칠로 크리안자', price=29600}
WineInfo{wineTitle='G7 메를로', price=7900}
WineInfo{wineTitle='앙드레 끌루에 상파뉴 브뤼 그랑 리저브', price=49500}
WineInfo{wineTitle='셀리에 데 프린스 꼬뜨뒤론 그랑리저브(레드와인)', price=40500}
WineInfo{wineTitle='카이켄 울트라 말벡 750ML (레드와인)', price=42300}
WineInfo{wineTitle='투핸즈 브레이브 페이스', price=43000}
WineInfo{wineTitle='솔라즈 베르데호(화이트와인)', price=45000}
WineInfo{wineTitle='로 조콜라이오 바롤로 DOCG', price=52200}
WineInfo{wineTitle='몰리두커 더 메이터 디', price=53100}
WineInfo{wineTitle='샹파뉴 그롱네 블랑 드 누아', price=54000}
WineInfo{wineTitle='에밀리아나, 살바헤 (레드와인)', price=64000}
WineInfo{wineTitle='샤토 드 트레시', price=72000}
WineInfo{wineTitle='리카솔리 브롤리오 키안티 클라시코 리제르바 DOCG', price=90000}
WineInfo{wineTitle='탑 와인메이커스 탑 블랜드 (레드와인)', price=90000}
WineInfo{wineTitle='로버트 오틀리, 피니스테르 샤르도네 (화이트와인)', price=110000}
WineInfo{wineTitle='샤또 뒤포르 비방 17', price=126000}
WineInfo{wineTitle='샤또 지스꾸르 2017', price=148500}
WineInfo{wineTitle='찰스 하이직, 로제 리저브 (샴페인)', price=278000}
WineInfo{wineTitle='토이메이커 (레드와인)', price=1300000}
WineInfo{wineTitle='더 아톰, 샤도네이', price=50000}
WineInfo{wineTitle='제라르 베르트랑 끌로 뒤 템플', price=867600}
WineInfo{wineTitle='톨라이니 알 파쏘 IGT', price=42000}
WineInfo{wineTitle='알타비스타 프리미엄 말벡', price=24800}
WineInfo{wineTitle='도그 포인트 소비뇽 블랑', price=42800}
WineInfo{wineTitle='산타리타120 샤도네 375ml', price=9900}
WineInfo{wineTitle='라피트 로칠드 오시에르 에이 블랑', price=12000}
WineInfo{wineTitle='칼리테라 리제르바 소비뇽블랑', price=12800}
WineInfo{wineTitle='맥스 리제르바 쉬라 375ml', price=12900}
WineInfo{wineTitle='도멘 아미요 기 에 필스 샤샤뉴-몽라셰 비에이 비뉴', price=210000}
WineInfo{wineTitle='마주앙 메도크', price=14800}
WineInfo{wineTitle='로젠블룸 소노마 진판델', price=25000}
WineInfo{wineTitle='쁘띠장 부르고뉴 샤도네이', price=29800}
WineInfo{wineTitle='샤토 생 미셸 콜드 크릭 카베르네 소비뇽', price=69000}
WineInfo{wineTitle='포르타 6 블랑코', price=11800}
WineInfo{wineTitle='나파 릿지 까베르네 소비뇽', price=29800}
WineInfo{wineTitle='도멘 생 미셸 브뤼', price=36000}
WineInfo{wineTitle='몬테스 알파 블랙 샤도네이 750ML (화이트 와인)', price=60300}
WineInfo{wineTitle='샤또 생 미셸 인디언 웰스 메를로(레드와인)', price=81000}
WineInfo{wineTitle='샹파뉴 로칠드 브뤼 750ML (샴페인)', price=189000}
WineInfo{wineTitle='펠릭스 솔리스 페냐솔 틴토 1L', price=6800}
WineInfo{wineTitle='벨탁스 돈펠더', price=9900}
WineInfo{wineTitle='핀카 라스 모라스 말벡', price=10800}
WineInfo{wineTitle='산타리타120 멜로', price=14800}
WineInfo{wineTitle='베린저 메인앤바인 샤르도네', price=17000}
WineInfo{wineTitle='페라톤 프레데릭베르디 꼬뜨뒤론루즈', price=17500}
WineInfo{wineTitle='울프 블라스 옐로라벨 샤도네이', price=18000}
WineInfo{wineTitle='마르케스 데 톨레도 리제르바 750ML (레드와인)', price=18000}
WineInfo{wineTitle='브리갈다라 소아베', price=18000}
WineInfo{wineTitle='산타크리스티나750ml', price=19000}
WineInfo{wineTitle='떼라 린다 쉬라', price=19800}
WineInfo{wineTitle='운드라가 시바리스 까버네쇼비뇽', price=19800}
WineInfo{wineTitle='펜폴즈 로손 리트리트 콜렉션 쉬라즈', price=19800}
WineInfo{wineTitle='라포스톨 달라멜 레세르바 샤르도네', price=19800}
WineInfo{wineTitle='라포스톨 달라멜 레세르바 소비뇽블랑', price=19800}
WineInfo{wineTitle='SR)시에라깐따브리아 끄리안자', price=19800}
WineInfo{wineTitle='라포스톨 그랑 셀렉션 멜롯', price=19800}
WineInfo{wineTitle='풋 프린트 쉬라즈 750ML (레드와인)', price=19800}
WineInfo{wineTitle='칼리테라 트리부토 말벡', price=19900}
WineInfo{wineTitle='칼리테라 트리부토 시라', price=19900}
WineInfo{wineTitle='플레이서 토로 셀렉시옹 슈넹 토론테스', price=20000}
WineInfo{wineTitle='쿠네 리오하 크리안자', price=22000}
WineInfo{wineTitle='로쉐 마제 메를로', price=22500}
WineInfo{wineTitle='레알 꼼빠니아 비냐 에기아 레세르바', price=24800}
WineInfo{wineTitle='콜럼비아 크레스트 투바인 메를로', price=24800}
WineInfo{wineTitle='울프 블라스 옐로라벨 쉬라즈 2018', price=24800}
WineInfo{wineTitle='홉노브 까버네소비뇽', price=25000}
WineInfo{wineTitle='핀카라스 모라스 파즈 말벡', price=25000}
WineInfo{wineTitle='산애딸기 세미 스위트와인 (alc 11%, 375ml)', price=25000}
WineInfo{wineTitle='서브미션 로제', price=25200}
WineInfo{wineTitle='아방가르데 750', price=26000}
WineInfo{wineTitle='델리카토 337 까베르네쇼비뇽', price=26800}
WineInfo{wineTitle='플라네타 알라스트로 (화이트와인)', price=27000}
WineInfo{wineTitle='마헨들 리슬링 페더슈필', price=27000}
WineInfo{wineTitle='샤또 보네 루즈 750ml', price=27000}
WineInfo{wineTitle='루피노 끼안티 750ML (레드와인)', price=27000}
WineInfo{wineTitle='마헨들 펄프 픽션 그린', price=27000}
WineInfo{wineTitle='발레벨보 브라께또', price=27000}
WineInfo{wineTitle='마시 마시앙코', price=29800}
WineInfo{wineTitle='델리카토 날리헤드 까버네쇼비뇽', price=29800}
WineInfo{wineTitle='산토스 리마 레세르바 레드', price=29800}
WineInfo{wineTitle='칼리테라 디에스티엔토', price=30000}
WineInfo{wineTitle='베린저 메인앤바인 카베르네 소비뇽', price=31500}
WineInfo{wineTitle='와비 사비 그뤼너 펠트리너', price=32400}
WineInfo{wineTitle='이기갈 꼬드 뒤 론 블랑', price=32800}
WineInfo{wineTitle='부티노, 라 플뢰르 솔리테르 꼬뜨 뒤 론 블랑', price=33000}
WineInfo{wineTitle='마스카 델 타코 루 에따 피아노', price=34200}
WineInfo{wineTitle='도멘 생 제르망 크락 봉뷔 2020', price=34200}
WineInfo{wineTitle='부티노, 레 꼬또 꼬뜨 뒤 론 빌라쥐', price=35000}
WineInfo{wineTitle='콜롬비아 크레스트 그랑 에스테이트 쉬라', price=35800}
WineInfo{wineTitle='와비 사비 오렌지문', price=36000}
WineInfo{wineTitle='와비 사비 펫 낫', price=36000}
WineInfo{wineTitle='뻬레벤뚜라 까바 브륏 레세르바', price=36000}
WineInfo{wineTitle='마스카 델 타코 로시 피노 네로 로사토', price=37800}
WineInfo{wineTitle='마르셀 다이스 알자스 루즈', price=37800}
WineInfo{wineTitle='핀카 바카라, 타임 웨이츠 포 노 원 (해골)', price=38000}
WineInfo{wineTitle='카모미 비앙코 디 카모미 750ML (화이트와인)', price=38700}
WineInfo{wineTitle='맥스 리제르바 샤르도네(화이트와인)', price=39600}
WineInfo{wineTitle='핀카 라스 모라스 까베르네 소비뇽', price=39800}
WineInfo{wineTitle='페라톤 프레르베르디 꼬뜨 뒤 론 빌라주 루즈', price=39800}
WineInfo{wineTitle='1000 스토리 샤도네이', price=39800}
WineInfo{wineTitle='라포스톨 뀌베 알렉상드르 까르미네르', price=39800}
WineInfo{wineTitle='더 샤도 프로젝트', price=40000}
WineInfo{wineTitle='마이클 몬다비 패밀리, `스펠바운드` 샤도네이', price=40000}
WineInfo{wineTitle='도스코파스 까베르네 소비뇽', price=4900}
WineInfo{wineTitle='몰리두커 더 복서', price=88000}
WineInfo{wineTitle='35 사우스 리제르바 까르미네르', price=24000}
WineInfo{wineTitle='루이라뚜르 피노누아(레드와인)', price=72000}
WineInfo{wineTitle='콜롬비아 크레스트 그랑 에스테이트 쉬라', price=35800}
WineInfo{wineTitle='텍스트북 배럴티프 까베르네소비뇽', price=170000}
WineInfo{wineTitle='도스 코파스 레드', price=4900}
WineInfo{wineTitle='텍스트북, 나파 메를로', price=112000}
WineInfo{wineTitle='G7 샤도네이', price=7900}
WineInfo{wineTitle='칸티 모스카토 다스티 DOCG', price=17800}
WineInfo{wineTitle='몬테칠로 크리안자', price=29600}
WineInfo{wineTitle='G7 메를로', price=7900}
WineInfo{wineTitle='앙드레 끌루에 상파뉴 브뤼 그랑 리저브', price=49500}
WineInfo{wineTitle='핀카 바카라, 로제', price=40000}
WineInfo{wineTitle='칼리테라 에디씨온 리미타다 비', price=40000}
WineInfo{wineTitle='드림스 오브 골드 쉬라즈', price=40500}
WineInfo{wineTitle='베린저 브로스 소비뇽 블랑', price=40500}
WineInfo{wineTitle='클라우디오돌리아니코스타피오레', price=42000}
WineInfo{wineTitle='메나데 노쏘 750ML (화이트와인)', price=45000}
WineInfo{wineTitle='리카솔리 알비아 로제 토스카나 IGT', price=45000}
WineInfo{wineTitle='보카스텔 , 페랑 리저브 꼬뜨 뒤 론 루지', price=43650}
WineInfo{wineTitle='샤토 생 미셸 인디언 웰스 카베르네 소비뇽', price=45000}
WineInfo{wineTitle='샤토 생 미셸 인디언 웰스 샤르도네', price=45000}
WineInfo{wineTitle='일 팔라지오 바치 술라 보카', price=49000}
WineInfo{wineTitle='나파 셀라 샤르도네', price=49500}
WineInfo{wineTitle='반피 끼안티 클라시코 리제르바', price=49800}
WineInfo{wineTitle='몰리두커, 유포리아', price=50000}
WineInfo{wineTitle='몰리두커 걸 온 더 고', price=50400}
WineInfo{wineTitle='샤토 생 미셸 컬럼비아 밸리 메를로', price=54000}
WineInfo{wineTitle='CYT 그란 레세르바 시라', price=54000}
WineInfo{wineTitle='샹파뉴 그롱네 블랑 드 블랑', price=54000}
WineInfo{wineTitle='베린저 파운더스 피노누아', price=54000}
WineInfo{wineTitle='베린저 파운더스 진판델', price=54000}
WineInfo{wineTitle='베린저 파운더스 소비뇽 블랑', price=54000}
WineInfo{wineTitle='올드 소울 까베르네 소비뇽 750ML (레드와인)', price=54000}
WineInfo{wineTitle='비비도르', price=54000}
WineInfo{wineTitle='베린저 파운더스 카베르네 소비뇽', price=54000}
WineInfo{wineTitle='올드 소울 샤도네이 750ML (화이트와인)', price=54000}
WineInfo{wineTitle='베린저 파운더스 샤르도네', price=54000}
WineInfo{wineTitle='핀까엘 오리엔 파이', price=54900}
WineInfo{wineTitle='양가라 쉬라즈', price=55000}
WineInfo{wineTitle='투 올드 독스 까베르네 소비뇽', price=55000}
WineInfo{wineTitle='더 피노 프로젝트', price=58000}
WineInfo{wineTitle='몰리두커, 더 메이터 디', price=58500}
WineInfo{wineTitle='아차발 페레 키메라 (레드와인)', price=62100}
WineInfo{wineTitle='까파나 , 로쏘 디 몬탈치노', price=63000}
WineInfo{wineTitle='만텔라시 푼톤 델 소로보 DOC(레드와인)', price=63000}
WineInfo{wineTitle='카바이 쏘비뇽 (화이트와인)', price=63000}
WineInfo{wineTitle='마르께스 데 까사 콘차 카베르네 소비뇽', price=63000}
WineInfo{wineTitle='마르께스 데 까사 콘차 샤르도네', price=63000}
WineInfo{wineTitle='마시 캄포피오린(레드와인)', price=65000}
WineInfo{wineTitle='샤또 크로아제 바쥐 2013', price=71100}
WineInfo{wineTitle='AY 블라블라 세트', price=72000}
WineInfo{wineTitle='레오나르도 다 빈치 끼안티 리제르바 750ML (레드와인)', price=72000}
WineInfo{wineTitle='도멘드마르꾸 꼬뜨뒤론(레드와인)', price=72000}
WineInfo{wineTitle='펄리서 소비뇽 블랑', price=76500}
WineInfo{wineTitle='뛰느방 배드 보이 시라', price=77400}
WineInfo{wineTitle='배드 보이 샤르도네(화이트와인)', price=77400}
WineInfo{wineTitle='울프블라스 그레이라벨 쉬라즈', price=78000}
WineInfo{wineTitle='일 팔라지오 카지노 델레 비에', price=79000}
WineInfo{wineTitle='발데리즈, 데 치리파', price=80000}
WineInfo{wineTitle='홀리스 나파밸리 까베르네소비뇽', price=80100}
WineInfo{wineTitle='보엔 샤르도네(화이트와인)', price=81000}
WineInfo{wineTitle='펜폴즈 맥스 카베르네 소비뇽', price=81000}
WineInfo{wineTitle='샤토 생 미셸 인디언 웰스 카베르네 소비뇽', price=81000}
WineInfo{wineTitle='매티스, 그리나쉬', price=83700}
WineInfo{wineTitle='펜폴즈 빈 138', price=85500}
WineInfo{wineTitle='샤또 뒤 떼르트르 2013', price=85500}
WineInfo{wineTitle='세라룽가 달바 바롤로', price=89000}
WineInfo{wineTitle='샤토 생 미셸 콜드 크릭 샤르도네', price=90000}
WineInfo{wineTitle='까사노바 디 네리, 로쏘 디 몬탈치노', price=90000}
WineInfo{wineTitle='아리 고리 이룰레기', price=90000}
WineInfo{wineTitle='까델 보스코 프란치아코르타 뀌베 엑스트라 브륏 750ML (드라이스파클링와인)', price=92700}
WineInfo{wineTitle='꾸마로(레드와인)', price=94500}
WineInfo{wineTitle='샴페인 트리보 브뤼 오리진 750ML (샴페인)', price=94500}
WineInfo{wineTitle='투핸즈 릴리스 가든 2018', price=95000}
WineInfo{wineTitle='후프스, 후플라 나파밸리 레드 블랜드(레드와인)', price=98000}
WineInfo{wineTitle='텍스트북, 나파 소비뇽 블랑', price=98000}
WineInfo{wineTitle='도메니꼬 끌레리꼬 바르베라 달바 트레비네(레드와인)', price=99000}
WineInfo{wineTitle='AY 쿠네세트', price=99000}
WineInfo{wineTitle='테레다비노-바르바레스코', price=100000}
WineInfo{wineTitle='돈나푸가타 벤 리에 375ML (화이트와인)', price=102600}
WineInfo{wineTitle='KY올드 마르퀴스XO세트', price=108000}
WineInfo{wineTitle='월터 핸젤, 노스 슬로프 피노 누아', price=112000}
WineInfo{wineTitle='텍스트북, 나파 샤도네이', price=112000}
WineInfo{wineTitle='피오 체사레, 랑게 소비뇽', price=120000}
WineInfo{wineTitle='조쉬리저브 노스코스트 까베르네 소비뇽', price=130000}
WineInfo{wineTitle='조쉬리저브 노스코스트 샤르도네', price=130000}
WineInfo{wineTitle='주베 이 깜프 블랑 드 누아 (스파클링와인)', price=132000}
WineInfo{wineTitle='끌로 씨프레스(레드와인)', price=135000}
WineInfo{wineTitle='AY 셀리에 프린스 세트', price=144000}
WineInfo{wineTitle='CSR 헤드하이 세트', price=158400}
WineInfo{wineTitle='일 팔라지오 디에치', price=159000}
WineInfo{wineTitle='투핸즈 코치 하우스 블록 2019', price=160000}
WineInfo{wineTitle='주베 이 깜프 그란 주베 이 깜프 (스파클링와인)', price=160000}
WineInfo{wineTitle='샤또 까농 2013', price=162000}
WineInfo{wineTitle='오스본 포트 20년', price=180000}
WineInfo{wineTitle='아티스트 시리즈(레드와인)', price=180000}
WineInfo{wineTitle='까르민 데 페우모', price=199000}
WineInfo{wineTitle='러브 오버 골드 그르나슈', price=207000}
WineInfo{wineTitle='스털링 세트', price=221400}
WineInfo{wineTitle='크룹 브라더스 에스테이트, 디 애드버킷', price=226800}
WineInfo{wineTitle='나파누크 2015', price=230000}
WineInfo{wineTitle='그르기치 까베르네 소비뇽 750ML (레드와인)', price=234000}
WineInfo{wineTitle='갤럭시', price=450000}
WineInfo{wineTitle='갤리카, 오크빌 까베르네 프랑(레드와인)', price=600000}
WineInfo{wineTitle='젬스톤 까베르네 소비뇽 헤리티지', price=630000}
WineInfo{wineTitle='니콜라 푸이야뜨 팔메도르 브뤼', price=340000}
WineInfo{wineTitle='럭스, 로제 브륏 NV', price=20000}
WineInfo{wineTitle='캐논볼 까버네소비뇽', price=22000}
WineInfo{wineTitle='토마시 아도라토 아파시오나토', price=22000}
WineInfo{wineTitle='로쉐 마제 로제', price=25000}
WineInfo{wineTitle='로쉐마제 피노누아', price=27000}
WineInfo{wineTitle='도스코파스 까베르네 소비뇽', price=4900}
WineInfo{wineTitle='몰리두커 더 복서', price=88000}
WineInfo{wineTitle='35 사우스 리제르바 까르미네르', price=24000}
WineInfo{wineTitle='루이라뚜르 피노누아(레드와인)', price=72000}
WineInfo{wineTitle='콜롬비아 크레스트 그랑 에스테이트 쉬라', price=35800}
WineInfo{wineTitle='텍스트북 배럴티프 까베르네소비뇽', price=170000}
WineInfo{wineTitle='도스 코파스 레드', price=4900}
WineInfo{wineTitle='텍스트북, 나파 메를로', price=112000}
WineInfo{wineTitle='G7 샤도네이', price=7900}
WineInfo{wineTitle='칸티 모스카토 다스티 DOCG', price=17800}
WineInfo{wineTitle='몬테칠로 크리안자', price=29600}
WineInfo{wineTitle='G7 메를로', price=7900}
WineInfo{wineTitle='앙드레 끌루에 상파뉴 브뤼 그랑 리저브', price=49500}
WineInfo{wineTitle='펜폴즈 쿠능가 힐 샤르도네', price=29800}
WineInfo{wineTitle='CYT 그란 레세르바 샤르도네', price=49800}
WineInfo{wineTitle='트라피체 싱글빈야드 샤르도네 라스 피에드라스', price=54000}
WineInfo{wineTitle='크리머리, 샤도네이', price=60000}
WineInfo{wineTitle='75, 카베르네 소비뇽', price=90000}
WineInfo{wineTitle='토마시 라파엘 발폴리첼라 클라시코 수페리', price=100000}
WineInfo{wineTitle='덕혼 디코이 리미티드 소노마 코스트 피노누아 750ML (레드와인)', price=112500}
WineInfo{wineTitle='시부미놀 피노누아 (레드와인)', price=280000}
WineInfo{wineTitle='로 조콜라이오 바르베라 달바', price=27000}
WineInfo{wineTitle='칼리테라 리제르바 샤르도네', price=12800}
WineInfo{wineTitle='카르멘 그란 리쎄르바 멜로', price=20000}
WineInfo{wineTitle='란 리세르바', price=32800}
WineInfo{wineTitle='알렉스 감발 바타르 몽라쉐 그랑크뤼', price=840000}
WineInfo{wineTitle='올리비에 르플레브 부르고뉴 레세띠', price=73000}
WineInfo{wineTitle='산페드로 시그니처 카르미네르', price=25000}
WineInfo{wineTitle='반피 긴목 티아라 로쏘 (스크류캡)', price=9800}
WineInfo{wineTitle='프론테라 샤르도네', price=14400}
WineInfo{wineTitle='바리나스 모나스트렐 오가닉', price=14800}
WineInfo{wineTitle='카르멘 샤도네이(인시그네)', price=14800}
WineInfo{wineTitle='까르멘 까버네소비뇽', price=14800}
WineInfo{wineTitle='까네스트룩, 네그레', price=15000}
WineInfo{wineTitle='에피카 까베르네 소비뇽', price=16000}
WineInfo{wineTitle='칼리테라 트리부토 까르미네르', price=19900}
WineInfo{wineTitle='라 뀌베 미티크 루즈', price=19900}
WineInfo{wineTitle='더 나파 레드', price=39800}
WineInfo{wineTitle='만텔라시 마에스트랄레 DOC', price=45000}
WineInfo{wineTitle='도멘 피에르 루노-파팡 무스카델 사브르 에 멘 쉬르 리 셈퍼 엑셀시옹', price=115000}
WineInfo{wineTitle='도멘 피오나 르루이, 마랑쥐 블랑 오 셴', price=160000}
WineInfo{wineTitle='피스트 앤 바인 카베르네 소비뇽', price=14800}
WineInfo{wineTitle='미티크 랑그독 블랑', price=14900}
WineInfo{wineTitle='지디 바이라 랑게 로쏘', price=19800}
WineInfo{wineTitle='세인트 할렛 페이스 쉬라즈', price=19800}
WineInfo{wineTitle='라 뀌베 미티크 블랑', price=19900}
WineInfo{wineTitle='페로13 해커', price=22800}
WineInfo{wineTitle='인디고 아이즈 샤도네이', price=25800}
WineInfo{wineTitle='1000 스토리 진판델', price=39800}
WineInfo{wineTitle='1000 스토리 까버네쇼비뇽', price=39800}
WineInfo{wineTitle='크레기 레인지 소비뇽블랑', price=47000}
WineInfo{wineTitle='이기갈 크로즈 에르미타쥐 루즈', price=48000}
WineInfo{wineTitle='만텔라시 푼톤 델 소르보 DOC', price=63000}
WineInfo{wineTitle='니콜라스 브룻리저브', price=85000}
WineInfo{wineTitle='도멘 스테판-알랭담 몽타튜 프리미에 크뤼 레 코레스', price=100000}
WineInfo{wineTitle='사무엘 빌로, 샤블리 부그로 그랑크뤼', price=240000}
WineInfo{wineTitle='산페드로 시그니처 카베르네 소비뇽', price=25000}
WineInfo{wineTitle='지아코모 콘테르노 바롤로 리제르바 몽포르티노', price=2650000}
WineInfo{wineTitle='백화점 전통주 베스트', price=180000}
WineInfo{wineTitle='페폴리 끼안티 클라시코', price=29000}
WineInfo{wineTitle='알바로 팔라시오스 페탈로스 750ML (레드와인)', price=59400}
WineInfo{wineTitle='가이서픽 까베르네 소비뇽', price=29800}
WineInfo{wineTitle='울프 블라스 이글호크 쉬라즈', price=10800}
WineInfo{wineTitle='CYT 그란 레세르바 카베르네 소비뇽', price=54000}
WineInfo{wineTitle='몰리두커, 투 레프트 피트', price=58500}
WineInfo{wineTitle='샤또 베이슈벨 2018', price=306000}
WineInfo{wineTitle='할란 이스테이트 750ML (레드와인)', price=3240000}
WineInfo{wineTitle='안셀미, 카피텔리,베네토 375ml (화이트와인)', price=118000}
WineInfo{wineTitle='반피 끼안띠클라시코', price=39800}
WineInfo{wineTitle='샤를 도떼일 샴페인 브륏 프리미에크뤼', price=83000}
WineInfo{wineTitle='G7 까베르네 소비뇽 (187ml)', price=2780}
WineInfo{wineTitle='G7 메를로 (187ml)', price=2780}
WineInfo{wineTitle='G7 메를로 (375ml)', price=4280}
WineInfo{wineTitle='칠카스 카베르네 소비뇽', price=10000}
WineInfo{wineTitle='까레 엔젤 디비니따 화이트', price=13800}
WineInfo{wineTitle='레 자멜 샤르도네', price=15000}
WineInfo{wineTitle='브로켈 토론테스', price=16800}
WineInfo{wineTitle='브리갈다라 발폴리첼라 DOC', price=19800}
WineInfo{wineTitle='1883 보르도', price=19800}
WineInfo{wineTitle='플레 드 나파 소비뇽블랑', price=19800}
WineInfo{wineTitle='칼리테라 트리부토 샤르도네', price=19900}
WineInfo{wineTitle='카르멘 그란 리쎄르바 카버네소비뇽', price=20000}
WineInfo{wineTitle='프레스코발디 레몰레 비앙코', price=24000}
WineInfo{wineTitle='미스트 코브 에스테이트 쇼비뇽 블랑', price=25000}
WineInfo{wineTitle='산페드로 시그니처 샤르도네', price=25000}
WineInfo{wineTitle='얄리 레세르바 까르미네르', price=25800}
WineInfo{wineTitle='에스쿠도로호 리제르바 까르미네르', price=27000}
WineInfo{wineTitle='한 피노누아', price=28800}
WineInfo{wineTitle='일 팔라지오 웬 위 댄스', price=29000}
WineInfo{wineTitle='일 팔라지오 뉴 데이 로사토', price=29000}
WineInfo{wineTitle='몬테칠로 크리안자', price=29600}
WineInfo{wineTitle='가이서픽 캘리포니아 샤르도네', price=29800}
WineInfo{wineTitle='본테라 카베르네소비뇽', price=32000}
WineInfo{wineTitle='도메니꼬 끌레리꼬-랑게 돌체토비사디', price=38000}
WineInfo{wineTitle='H 력셔리 콜렉션 까베르네쇼비뇽', price=39000}
WineInfo{wineTitle='D.V 까테나 말벡 히스토리코', price=39800}
WineInfo{wineTitle='D.V 까테나 까베르네 히스토리코', price=39800}
WineInfo{wineTitle='샤또크뤼조 레드', price=42000}
WineInfo{wineTitle='킬러맨스 런 쉬라즈', price=42900}
WineInfo{wineTitle='마틸다 샤푸티에 빅토리아 쉬라즈', price=43000}
WineInfo{wineTitle='러브블럭 소비뇽 블랑', price=44000}
WineInfo{wineTitle='한 까베르네 소비뇽', price=45900}
WineInfo{wineTitle='엠 샤푸티에 꼬뜨 뒤 루시옹 빌라쥐', price=50000}
WineInfo{wineTitle='이자벨 & 드니스 뽀미에 부르고뉴 꼬뜨 도세루아 블랑', price=55000}
WineInfo{wineTitle='카시나 치쿠 바롤로 로케 디 카스텔레토', price=60000}
WineInfo{wineTitle='앙또냉귀용 꼬뜨드본 빌라쥐', price=64800}
WineInfo{wineTitle='상 데 꼬르', price=65000}
WineInfo{wineTitle='도멘 아이요 기 에 필스 클레망 드 부르고뉴 로제 브륏', price=70000}
WineInfo{wineTitle='뤼 뒤몽 부르고뉴 후즈', price=75000}
WineInfo{wineTitle='일 팔라지오 카지노 델레 비에', price=79000}
WineInfo{wineTitle='이기갈 샤또뇌프 뒤 빠쁘', price=79800}
WineInfo{wineTitle='퀼링-기요 니켄하임 리슬링', price=85000}
WineInfo{wineTitle='마스 드 까드네 네그넬 까드네 로제', price=90000}
WineInfo{wineTitle='도스코파스 까베르네 소비뇽', price=4900}
WineInfo{wineTitle='몰리두커 더 복서', price=88000}
WineInfo{wineTitle='35 사우스 리제르바 까르미네르', price=24000}
WineInfo{wineTitle='루이라뚜르 피노누아(레드와인)', price=72000}
WineInfo{wineTitle='콜롬비아 크레스트 그랑 에스테이트 쉬라', price=35800}
WineInfo{wineTitle='텍스트북 배럴티프 까베르네소비뇽', price=170000}
WineInfo{wineTitle='도스 코파스 레드', price=4900}
WineInfo{wineTitle='텍스트북, 나파 메를로', price=112000}
WineInfo{wineTitle='G7 샤도네이', price=7900}
WineInfo{wineTitle='칸티 모스카토 다스티 DOCG', price=17800}
WineInfo{wineTitle='몬테칠로 크리안자', price=29600}
WineInfo{wineTitle='G7 메를로', price=7900}
WineInfo{wineTitle='앙드레 끌루에 상파뉴 브뤼 그랑 리저브', price=49500}
WineInfo{wineTitle='폴 페르노 에 필스 부르고뉴 샤르도네', price=100000}
WineInfo{wineTitle='도멘 장 따르띠 에 필스 부르고뉴 오 꼬뜨 드 뉘 뀌베 멜리에', price=105000}
WineInfo{wineTitle='그란 시라', price=130000}
WineInfo{wineTitle='보이델-말베르그 브룩 비슬링거 리드 리슬링', price=150000}
WineInfo{wineTitle='일 팔라지오 디에치', price=159000}
WineInfo{wineTitle='AB 제브레 샹베르땡 레 뮈로 도멘 뒤 끌로 쁘랑땡', price=170000}
WineInfo{wineTitle='장 마크 브로카 샤블리 발뮈르 그랑크뤼', price=185000}
WineInfo{wineTitle='아비뇨네지 50&50', price=218000}
WineInfo{wineTitle='알렉스 감발 본 로마네', price=222000}
WineInfo{wineTitle='도멘 기슐렌 바토드 샴볼-뮈지니', price=250000}
WineInfo{wineTitle='앙리 흐북소 제브리 샹베르땅1er Cru 퐁뜨니', price=320000}
WineInfo{wineTitle='블랙스탈리온 트랜센던트 까버네', price=550000}
WineInfo{wineTitle='마르께스 데 까사 콘차 에티케타 네그라', price=45000}
WineInfo{wineTitle='옐로우테일 쉬라즈리저브', price=19800}
WineInfo{wineTitle='캐논볼 샤도네이', price=22000}
WineInfo{wineTitle='솔라즈 쉬라즈 템프라니요', price=40000}
WineInfo{wineTitle='라로쉬 샤블리 프리미에 크뤼 라 샹트리', price=59000}
WineInfo{wineTitle='랑메일 올판 뱅크 쉬라즈', price=82000}
WineInfo{wineTitle='도멘 에레스틴-마찌니 부르고뉴 피노누아', price=100000}
WineInfo{wineTitle='얄리 프리미엄 릴리즈 샤르도네', price=14800}
WineInfo{wineTitle='크레스만 보르도 레드 하프', price=7800}
WineInfo{wineTitle='프론테라 까르미네르', price=8800}
WineInfo{wineTitle='비알레또로소750ML', price=8900}
WineInfo{wineTitle='캐리커쳐', price=28000}
WineInfo{wineTitle='샤또 까망삭13 (레드와인)', price=68400}
WineInfo{wineTitle='나파 셀라 까베르네 소비뇽(레드와인)', price=126000}
WineInfo{wineTitle='도멘 베르나르 바이에뜨, 뉘앙스 드 그레 (화이트와인)', price=198000}
WineInfo{wineTitle='마르께스 데 몬떼 메루 그랑 셀렉시옹', price=49500}
WineInfo{wineTitle='루이자도 부르고뉴 루즈 꾸벙 데 자코방', price=45800}
WineInfo{wineTitle='안젤리카 자파타 까베르네 소비뇽', price=81000}
WineInfo{wineTitle='브루노 미셸 드미 륀', price=120000}
WineInfo{wineTitle='블랙타워돈펠더피노누아750', price=11900}
WineInfo{wineTitle='칼리테라 리제르바 까베르네소비뇽', price=12800}
WineInfo{wineTitle='핀까엘 오리엔 까베르네 소비뇽', price=12800}
WineInfo{wineTitle='운두라가 알리웬 까베르네소비뇽 메를로', price=13000}
WineInfo{wineTitle='SR)피치니 끼안띠', price=14000}
WineInfo{wineTitle='파라벤트', price=14800}
WineInfo{wineTitle='디자이아 스파클링 브뤼(스파클링,화이트와인)', price=18000}
WineInfo{wineTitle='다렌버그 풋볼트 쉬라즈', price=24800}
WineInfo{wineTitle='라피스 루나 레드 블렌드', price=30600}
WineInfo{wineTitle='알프레도 마에스트로, 아만다 (레드와인)', price=72000}
WineInfo{wineTitle='카바이 메를로 (레드와인)', price=81000}
WineInfo{wineTitle='로카 디 몬테그로시, 키안티 클라시코', price=84000}
WineInfo{wineTitle='샤토 페랑드, 루즈', price=96000}
WineInfo{wineTitle='샤또 라스꼼브 2019', price=162000}
WineInfo{wineTitle='루이나 로제', price=171000}
WineInfo{wineTitle='들라스 샤도네프 뒤빠쁘 레드(레드와인)', price=200000}
WineInfo{wineTitle='찰스 하이직 로제 리저브 NV', price=278000}
WineInfo{wineTitle='후프스, 오크빌 까베르네 소비뇽(레드와인)', price=480000}
WineInfo{wineTitle='라포스톨 그랑 셀렉션 소비뇽 블랑', price=31500}
WineInfo{wineTitle='디브이 까테나 띤또 히스토리코 스페셜', price=28000}
WineInfo{wineTitle='시에라 칸따브리아 블랑코', price=15000}
WineInfo{wineTitle='떼라 린다 비우라 샤도네이', price=19800}
WineInfo{wineTitle='피치니 끼안티 클라시코', price=17800}
WineInfo{wineTitle='카르멘 리세르바 멜롯750ml', price=12500}
WineInfo{wineTitle='울프 블라스 옐로라벨 쉬라즈', price=24800}
WineInfo{wineTitle='무가 블랑코', price=45000}
WineInfo{wineTitle='레 자멜 소비뇽 블랑', price=15000}
WineInfo{wineTitle='운두라가 싱글빈야드 샤도네이', price=24800}
WineInfo{wineTitle='마르케스 데 톨레도 크리안자 750ML (레드 와인)', price=16200}
WineInfo{wineTitle='트리벤토 트리부 카버네쇼비뇽', price=16500}
WineInfo{wineTitle='올리바레스 띤또', price=16500}
WineInfo{wineTitle='네더버그 쉬라/피노타쥐', price=16800}
WineInfo{wineTitle='핀카 라스 모라스 레세르바 말벡', price=16800}
WineInfo{wineTitle='베린저 메인앤바인 메를로', price=17000}
WineInfo{wineTitle='트리오 레세르바 샤르도네', price=17800}
WineInfo{wineTitle='임페리움 비니, 템프라니요 (레드와인)', price=18000}
WineInfo{wineTitle='니더버그 더 와인마스터스 까베르네 소비뇽', price=19800}
WineInfo{wineTitle='타스카 달메리타 레갈레알리 비앙코', price=19800}
WineInfo{wineTitle='라포스톨 그랑 셀렉션 까르미네르', price=19800}
WineInfo{wineTitle='마르케스 데 톨레도 그랑 리제르바 750ML (레드 와인)', price=19800}
WineInfo{wineTitle='라포스톨 그랑 셀렉션 쇼비뇽블랑', price=19800}
WineInfo{wineTitle='타스카 달메리타 레갈레알리 네로다볼라', price=19800}
WineInfo{wineTitle='리라 그랑 레세르바 까베르네소비뇽', price=19800}
WineInfo{wineTitle='프롤로고 리세르바 까베르네 소비뇽', price=20000}
WineInfo{wineTitle='피치니 메모로 빈티지', price=20000}
WineInfo{wineTitle='플레이서 토로 셀렉시옹 말벡', price=20000}
WineInfo{wineTitle='레알 꼼빠니아 비냐 에기아 크리안자', price=21800}
WineInfo{wineTitle='비네암 샤또 그랑 페랑 테르 아무레즈', price=23800}
WineInfo{wineTitle='비네암 샤또 그랑 페랑 AOC 보르도', price=23800}
WineInfo{wineTitle='프롤로고 리세르바 메를로', price=24000}
WineInfo{wineTitle='일 팔라지오 메세지 인 어 바틀 비앙코', price=24000}
WineInfo{wineTitle='파미유 위겔 정띠 위겔', price=23280}
WineInfo{wineTitle='프레스코발디 레몰레 로쏘', price=24000}
WineInfo{wineTitle='투바인 까버네쇼비뇽', price=24800}
WineInfo{wineTitle='맥스 리제르바 까르미네르', price=24900}
WineInfo{wineTitle='폴리지아노 모렐리노 디 스칸사노', price=25000}
WineInfo{wineTitle='바이 라피에르 크레망 부르고뉴 샤도네이', price=24250}
WineInfo{wineTitle='와인 픽업 모음전', price=25000}
WineInfo{wineTitle='루이라뚜르 아데슈 샤르도네', price=25000}
WineInfo{wineTitle='크레스만 생떼밀리옹', price=25800}
WineInfo{wineTitle='메나쥬 아 트로와 미드나잇 레드', price=25800}
WineInfo{wineTitle='에스탕동 리플렛', price=27000}
WineInfo{wineTitle='에스쿠도로호 리제르바 까버네쇼비뇽', price=27000}
WineInfo{wineTitle='세인트할렛 이든밸리 리슬링', price=27800}
WineInfo{wineTitle='페데리코 파테니나 그란 레세르바', price=28000}
WineInfo{wineTitle='일 팔라지오 뉴 데이 로사토', price=29000}
WineInfo{wineTitle='플라네타 플럼바고', price=29800}
WineInfo{wineTitle='메나쥬 아 트로와 카베르네소비뇽', price=29880}
WineInfo{wineTitle='타스카 달메리타 라무리', price=30000}
WineInfo{wineTitle='도스코파스 까베르네 소비뇽', price=4900}
WineInfo{wineTitle='몰리두커 더 복서', price=88000}
WineInfo{wineTitle='35 사우스 리제르바 까르미네르', price=24000}
WineInfo{wineTitle='루이라뚜르 피노누아(레드와인)', price=72000}
WineInfo{wineTitle='콜롬비아 크레스트 그랑 에스테이트 쉬라', price=35800}
WineInfo{wineTitle='텍스트북 배럴티프 까베르네소비뇽', price=170000}
WineInfo{wineTitle='도스 코파스 레드', price=4900}
WineInfo{wineTitle='텍스트북, 나파 메를로', price=112000}
WineInfo{wineTitle='G7 샤도네이', price=7900}
WineInfo{wineTitle='칸티 모스카토 다스티 DOCG', price=17800}
WineInfo{wineTitle='몬테칠로 크리안자', price=29600}
WineInfo{wineTitle='G7 메를로', price=7900}
WineInfo{wineTitle='앙드레 끌루에 상파뉴 브뤼 그랑 리저브', price=49500}
WineInfo{wineTitle='베린저 메인앤바인 샤르도네', price=31500}
WineInfo{wineTitle='베린저 메인앤바인 레드 크러쉬', price=31500}
WineInfo{wineTitle='콜럼비아 크레스트 H3 샤도네이 (화이트와인)', price=31500}
WineInfo{wineTitle='얄리 레세르바 까베르네 소비뇽', price=31500}
WineInfo{wineTitle='라피스 루나 까베르네 쇼비뇽', price=31500}
WineInfo{wineTitle='산타리타 메달야레알 샤도네이', price=34800}
WineInfo{wineTitle='모아나 팍 에스테이트 말보로 피노누아', price=34800}
WineInfo{wineTitle='마시 깜포피오린', price=34800}
WineInfo{wineTitle='얄리 레세르바 까르메네르', price=35000}
WineInfo{wineTitle='라 트레멘다 모나스트렐', price=35000}
WineInfo{wineTitle='산타캐롤리나 파밀리아 리제르바 까버네소비뇽', price=36000}
WineInfo{wineTitle='엠 샤푸티에 크로즈 에르미따쥬(GMS)', price=36000}
WineInfo{wineTitle='도멘 생 제르망 수 르 록 드 페르 2019', price=36000}
WineInfo{wineTitle='스몰타운 빈야드, 더 넥스트 빅 띵 샤도네이', price=36000}
WineInfo{wineTitle='75, 나파 소비뇽 블랑', price=36000}
WineInfo{wineTitle='맥스 리제르바 까르미네르(레드와인)', price=39600}
WineInfo{wineTitle='칼리테라 에디씨온 리미타다 에이', price=40000}
WineInfo{wineTitle='레이다 레세르바 피노누아(레드와인)', price=40500}
WineInfo{wineTitle='빠소 씨에이로 알바리뇨(레드와인)', price=40500}
WineInfo{wineTitle='미켈레 끼아를로 가비 레 마르네 DOCG', price=40500}
WineInfo{wineTitle='카사 로호 CL98', price=40500}
WineInfo{wineTitle='올드 진판델 바인 레드 블렌드 750ML (레드와인)', price=40500}
WineInfo{wineTitle='미켈레 끼아를로 가비 레 마르네', price=40500}
WineInfo{wineTitle='샤또 티율리 1500ml', price=41400}
WineInfo{wineTitle='에두아르도 베르메호 템프라니요', price=45000}
WineInfo{wineTitle='레꼴 콜럼비아 밸리 메를로 750ML (레드와인)', price=46800}
WineInfo{wineTitle='나파 셀라 샤르도네', price=47000}
WineInfo{wineTitle='1865 싱글빈야드 샤르도네', price=47000}
WineInfo{wineTitle='1865 셀렉티드 까르미네르 골프백 세트', price=49500}
WineInfo{wineTitle='신세계 L&B 베스트 와인', price=49500}
WineInfo{wineTitle='토마시 리빠쏘 발폴리첼라', price=49900}
WineInfo{wineTitle='칼리테라 페트레오 까르미네르', price=50000}
WineInfo{wineTitle='알타비스타 엑스트라 브륏 블랑 드 블랑', price=50000}
WineInfo{wineTitle='더 아톰, 카베르네 소비뇽', price=50000}
WineInfo{wineTitle='마틴 랜치 J.D. 헐리 메를로', price=52200}
WineInfo{wineTitle='AS산 빈센죠,베네토', price=52200}
WineInfo{wineTitle='핀카 라스 모라스 레세르바 까베르네-시라', price=53000}
WineInfo{wineTitle='몰리두커 더 스쿠터', price=53100}
WineInfo{wineTitle='부티노, 레 꼬또 쉬스또 세귀레', price=54000}
WineInfo{wineTitle='토레스 , 셀레스테 베르데호', price=54000}
WineInfo{wineTitle='버블넘버원 핑크라벨', price=55000}
WineInfo{wineTitle='뻬레벤뚜라 트레저 애니버서리 그랑 레세르바 브륏', price=55000}
WineInfo{wineTitle='도멘 바로나크 라 까삐뗄', price=59000}
WineInfo{wineTitle='양가라 올드바인 그르나슈', price=59000}
WineInfo{wineTitle='버블넘버원 반빈 에디션', price=60000}
WineInfo{wineTitle='버블넘버원 로제', price=60000}
WineInfo{wineTitle='부티노, 레 시스 까렌느', price=62000}
WineInfo{wineTitle='스몰타운 빈야드, 클로벨라 마타로 그리나쉬', price=62000}
WineInfo{wineTitle='피오 체사레, 가비', price=62000}
WineInfo{wineTitle='샤토 드 트레시, 마드모아젤 드 티', price=63000}
WineInfo{wineTitle='산테로 958 파티', price=63000}
WineInfo{wineTitle='LDV 다빈치 스트레다 750ML (화이트 와인)', price=63000}
WineInfo{wineTitle='비고르(레드와인)', price=63000}
WineInfo{wineTitle='토마시 아렐레 로쏘', price=64000}
WineInfo{wineTitle='AB 샤블리 프리미에 크뤼 레 보코뱅', price=65000}
WineInfo{wineTitle='도멘 생 제르망 파 드라 레 베르상 2018', price=67500}
WineInfo{wineTitle='피오 체사레, 로지', price=70000}
WineInfo{wineTitle='핀카 바카라,타바(공룡)', price=70000}
WineInfo{wineTitle='델리카토 날리헤드 올드바인 진판델(레드와인)', price=70000}
WineInfo{wineTitle='바쉐롱 상세르 루즈', price=67900}
WineInfo{wineTitle='코폴라 와이너리, 버지니아 데어 (화이트와인)', price=70200}
WineInfo{wineTitle='카사 마로네, 로사토 (레드와인)', price=72000}
WineInfo{wineTitle='타스카 달메리타 라무리(레드와인)', price=72000}
WineInfo{wineTitle='피오 체사레, 랄트로 샤도네이', price=76000}
WineInfo{wineTitle='샤또 오 바따이에 2013', price=79200}
WineInfo{wineTitle='메이오미 카버네 소비뇽 750ML (레드와인)', price=81000}
WineInfo{wineTitle='주베 이 깜프 브뤼 로제 (스파클링와인)', price=84000}
WineInfo{wineTitle='나파 하이랜즈, 샤도네이', price=86000}
WineInfo{wineTitle='스튜워트 셀러 타탄 레드 17', price=89100}
WineInfo{wineTitle='월터 핸젤, 노스 슬로프 샤도네이', price=90000}
WineInfo{wineTitle='샤토 페랑드, 블랑', price=96000}
WineInfo{wineTitle='일 팔라지오 시스터문', price=99000}
WineInfo{wineTitle='피오 체사레, 피오딜레이 샤도네이', price=100800}
WineInfo{wineTitle='테레다비노 바롤로', price=108000}
WineInfo{wineTitle='AY 라 마스코타2본 세트', price=108000}
WineInfo{wineTitle='쓰리 스틱스, `갭스 크라운` 샤도네이', price=110000}
WineInfo{wineTitle='로버트 오틀리, 피니스테르 카베르네소비뇽 (레드와인)', price=110000}
WineInfo{wineTitle='오시앙', price=112000}
WineInfo{wineTitle='신세계와인하우스 바이어 추천 와인', price=117000}
WineInfo{wineTitle='월터 핸젤, 케이힐 레인 피노 누아', price=126000}
WineInfo{wineTitle='월터 핸젤, 사우스 슬로프 피노 누아', price=126000}
WineInfo{wineTitle='백화점 위스키 추천', price=135000}
WineInfo{wineTitle='쓰리 스틱스, `듀렐` 샤도네이', price=149400}
WineInfo{wineTitle='덕혼 골든아이 피노 누아 750ML (레드와인)', price=153000}
WineInfo{wineTitle='쓰리 스틱스, `갭스 크라운` 피노 누아', price=180000}
WineInfo{wineTitle='후프스, 나파밸리 까베르네 소비뇽(레드와인)', price=220000}
WineInfo{wineTitle='나파누크 2012', price=230000}
WineInfo{wineTitle='테네트 GSM', price=234000}
WineInfo{wineTitle='피오 체사레, 바르바레스코', price=240000}
WineInfo{wineTitle='프레드릭', price=252000}
WineInfo{wineTitle='피오 체사레, 바롤로 모스코니', price=302400}
WineInfo{wineTitle='몬떼 레온 리미티드 에디션 골드 리저브', price=9000}
WineInfo{wineTitle='아미고 까베르네 소비뇽', price=11000}
WineInfo{wineTitle='버톨리 키안티', price=12900}
WineInfo{wineTitle='까레 엔젤 디비니따 레드', price=13800}
WineInfo{wineTitle='레트론 그랑 리제르바 카베르네 소비뇽', price=15000}
WineInfo{wineTitle='핀카 라스 모라스 레세르바 샤르도네', price=16800}
WineInfo{wineTitle='루손 로사도', price=16800}
WineInfo{wineTitle='니에푸르트 포타 타우니', price=17900}
WineInfo{wineTitle='레오나르드 커리쉬 SS 슈페트레제', price=18000}
WineInfo{wineTitle='도스코파스 까베르네 소비뇽', price=4900}
WineInfo{wineTitle='몰리두커 더 복서', price=88000}
WineInfo{wineTitle='35 사우스 리제르바 까르미네르', price=24000}
WineInfo{wineTitle='루이라뚜르 피노누아(레드와인)', price=72000}
WineInfo{wineTitle='콜롬비아 크레스트 그랑 에스테이트 쉬라', price=35800}
WineInfo{wineTitle='텍스트북 배럴티프 까베르네소비뇽', price=170000}
WineInfo{wineTitle='도스 코파스 레드', price=4900}
WineInfo{wineTitle='텍스트북, 나파 메를로', price=112000}
WineInfo{wineTitle='G7 샤도네이', price=7900}
WineInfo{wineTitle='칸티 모스카토 다스티 DOCG', price=17800}
WineInfo{wineTitle='몬테칠로 크리안자', price=29600}
WineInfo{wineTitle='G7 메를로', price=7900}
WineInfo{wineTitle='앙드레 끌루에 상파뉴 브뤼 그랑 리저브', price=49500}
WineInfo{wineTitle='칼리테라 트리부토 소비뇽블랑', price=19900}
WineInfo{wineTitle='칼리테라 트리부토 까베르네쇼비뇽', price=19900}
WineInfo{wineTitle='미켈레 끼아를로 바르베라 다스띠 레 오르', price=20000}
WineInfo{wineTitle='페로13 너드', price=20800}
WineInfo{wineTitle='알마 모라 시라', price=21600}
WineInfo{wineTitle='페로13 해쉬태그', price=22800}
WineInfo{wineTitle='얄리 그랑 레세르바 까르미네르', price=23800}
WineInfo{wineTitle='다크호스 샤도네이', price=24800}
WineInfo{wineTitle='운두라가 싱글빈야드 소비뇽블랑', price=24800}
WineInfo{wineTitle='운두라가 싱글빈야드 까르미네르', price=24800}
WineInfo{wineTitle='홉노브 샤도네이', price=25000}
WineInfo{wineTitle='얄리 레세르바 피노', price=25800}
WineInfo{wineTitle='와일드락 피노누아', price=28000}
WineInfo{wineTitle='일 팔라지오 메세지 인 어 바틀 비앙코', price=29000}
WineInfo{wineTitle='일 팔라지오 메세지 인 어 바틀 로쏘', price=29000}
WineInfo{wineTitle='쓰리 핑거 잭 럼베럴 레드', price=29800}
WineInfo{wineTitle='모아나 팍 에스테이트 기스본 샤르도네', price=29800}
WineInfo{wineTitle='쓰리 핑거 잭 까베르네 소비뇽 18', price=29800}
WineInfo{wineTitle='운두라가 테루아 헌터 소비뇽 블랑', price=34800}
WineInfo{wineTitle='미스트 코브 랜드마트 쇼비뇽 블랑', price=35000}
WineInfo{wineTitle='르 리쉬 리쉐스', price=35000}
WineInfo{wineTitle='산타캐롤리나 파밀리아 리제르바 까르메네르', price=36000}
WineInfo{wineTitle='펜폴즈 로손 리트리트 샤르도네', price=39800}
WineInfo{wineTitle='솔라즈 베르데호', price=39800}
WineInfo{wineTitle='마틸다 샤푸티에 비오니에 마르산 빅토리아', price=39800}
WineInfo{wineTitle='들라스 크로즈 에르미따쥐 레드', price=40000}
WineInfo{wineTitle='들라스 크로즈 에르미따쥐 화이트', price=40000}
WineInfo{wineTitle='라브리넷 네그로', price=45000}
WineInfo{wineTitle='라브리넷 블랑', price=45000}
WineInfo{wineTitle='일 팔라지오 바치 술라 보카', price=49000}
WineInfo{wineTitle='스톤헤지 그랑 리저브 샤도네이', price=49000}
WineInfo{wineTitle='라포스톨 뀌베알렉상드르 샤도네이', price=49800}
WineInfo{wineTitle='라포스톨 뀌베알렉상드르 멜롯', price=50000}
WineInfo{wineTitle='알베르비쇼 부르고뉴 파스투그랭', price=55000}
WineInfo{wineTitle='미켈레 끼아를로 치프레시 니짜', price=55000}
WineInfo{wineTitle='모라 네그라', price=60000}
WineInfo{wineTitle='도멘 마트로 부르고뉴 피노누아', price=60000}
WineInfo{wineTitle='델리카토 블랙스탈리온 샤도네이', price=69800}
WineInfo{wineTitle='도멘 하고 지브리 샹 뿌호 블랑', price=70000}
WineInfo{wineTitle='라 꺄브 드 피콜로 핑크 이스 낫 레드', price=80000}
WineInfo{wineTitle='도멘 알랭 샤비 부르고뉴 샤르도네', price=80000}
WineInfo{wineTitle='도멘 상송 라 부르고뉴 샤르도네', price=85000}
WineInfo{wineTitle='알렉스 감발 생 또방', price=85000}
WineInfo{wineTitle='무가 셀렉션 레세르바', price=86000}
WineInfo{wineTitle='올리비에 귀요 마르사네 라 몽타뉴 블랑', price=90000}
WineInfo{wineTitle='도멘 안느 그로 무스캇 생 장 드 미네부아', price=90000}
WineInfo{wineTitle='도멘 드 몽띨 부르고뉴 라 끌로 뒤 샤토', price=96000}
WineInfo{wineTitle='라 꺄브 드 피콜로 자바 뱅드 프랑스 블랑', price=96000}
WineInfo{wineTitle='도멘 하고 페르낭-베르질레스 블랑 레 꼼뜨', price=100000}
WineInfo{wineTitle='도멘 쁘띠 로아 부르고뉴 샤르도네', price=105000}
WineInfo{wineTitle='샤를 도떼일 샴페인 브륏 블랑드 블랑 그랑크뤼', price=110000}
WineInfo{wineTitle='도멘 하페 페르낭-베르질레스 프리미에 크뤼 끌로 뒤 빌라쥐', price=130000}
WineInfo{wineTitle='사그라도 엘 페데르날 말벡', price=130000}
WineInfo{wineTitle='샤토 뒤 뫼르소, 사비니-레-본 블랑', price=130000}
WineInfo{wineTitle='도멘 바슐레-모노 마랑쥐 프리미에 크뤼 라 퓌세', price=135000}
WineInfo{wineTitle='마크 템프 푸르스텐툼 피노그리 그랑크뤼', price=140000}
WineInfo{wineTitle='사린-베누 생 로랑 블랑', price=140000}
WineInfo{wineTitle='도멘 알베르 만 게뷔르츠트라미너 푸르스템툰 그랑 크뤼', price=155000}
WineInfo{wineTitle='도멘 마트로 뫼르소', price=160000}
WineInfo{wineTitle='샤토 드 상트네, 상트네 프리미에 크뤼 라 콤므', price=165000}
WineInfo{wineTitle='알타비스타 알토', price=168000}
WineInfo{wineTitle='앙리 흐북소 제브리 샹베르땅', price=170000}
WineInfo{wineTitle='도메니꼬 끌레리꼬 바롤로 치아보 멘틴', price=170000}
WineInfo{wineTitle='도멘 스테판 마니앙, 모레-생-드니 비에이 비뉴 2019', price=175000}
WineInfo{wineTitle='도멘 틸라동 셰냐 비브라션 2019', price=175000}
WineInfo{wineTitle='도멘 위베르 라미 생토방 프리미에 크뤼 데리에르 세즈 에두아', price=185000}
WineInfo{wineTitle='도멘 조르쥬 글란트네이 볼네 프리미에 크뤼 레 부뤼야드', price=190000}
WineInfo{wineTitle='메종 샴피 쥐브리-샴베르땡 비에이 비뉴', price=195000}
WineInfo{wineTitle='도멘 호베르 쉐비용 뉘-생-조르쥬 비에이비뉴', price=195000}
WineInfo{wineTitle='랑메일 더 프리덤 1843 쉬라즈', price=210000}
WineInfo{wineTitle='장 끌로 베상 샤블리 발뮈르 그랑크뤼', price=210000}
WineInfo{wineTitle='도멘 퐁텐 가냐르, 샤샤뉴 몽라셰 프리미에 크뤼 끌로 생 장', price=220000}
WineInfo{wineTitle='제레미 레끼오네 쥐브리-샴베르땡', price=230000}
WineInfo{wineTitle='블랙스탈리온 배럴리제르바 까베르네쇼비뇽', price=380000}
WineInfo{wineTitle='앙리 흐북소 샹베르땅 그랑크뤼', price=990000}
WineInfo{wineTitle='도스코파스 까베르네 소비뇽', price=4900}
WineInfo{wineTitle='몰리두커 더 복서', price=88000}
WineInfo{wineTitle='35 사우스 리제르바 까르미네르', price=24000}
WineInfo{wineTitle='루이라뚜르 피노누아(레드와인)', price=72000}
WineInfo{wineTitle='콜롬비아 크레스트 그랑 에스테이트 쉬라', price=35800}
WineInfo{wineTitle='텍스트북 배럴티프 까베르네소비뇽', price=170000}
WineInfo{wineTitle='도스 코파스 레드', price=4900}
WineInfo{wineTitle='텍스트북, 나파 메를로', price=112000}
WineInfo{wineTitle='G7 샤도네이', price=7900}
WineInfo{wineTitle='칸티 모스카토 다스티 DOCG', price=17800}
WineInfo{wineTitle='몬테칠로 크리안자', price=29600}
WineInfo{wineTitle='G7 메를로', price=7900}
WineInfo{wineTitle='앙드레 끌루에 상파뉴 브뤼 그랑 리저브', price=49500}
]]></system-out>
  <system-err><![CDATA[]]></system-err>
</testsuite>
